
*** Running vivado
    with args -log Memory_processing_system7_0_0.vds -m64 -product Vivado -mode batch -messageDb vivado.pb -notrace -source Memory_processing_system7_0_0.tcl


****** Vivado v2017.2 (64-bit)
  **** SW Build 1909853 on Thu Jun 15 18:39:09 MDT 2017
  **** IP Build 1909766 on Thu Jun 15 19:58:00 MDT 2017
    ** Copyright 1986-2017 Xilinx, Inc. All Rights Reserved.

source Memory_processing_system7_0_0.tcl -notrace
Starting RTL Elaboration : Time (s): cpu = 00:00:07 ; elapsed = 00:00:12 . Memory (MB): peak = 336.098 ; gain = 84.355
INFO: [Synth 8-638] synthesizing module 'Memory_processing_system7_0_0' [d:/TabledAsymetricNumeralSystems/KompresjaDanych/KompresjaDanych/KompresjaDanych.srcs/sources_1/bd/Memory/ip/Memory_processing_system7_0_0/synth/Memory_processing_system7_0_0.v:60]
INFO: [Synth 8-638] synthesizing module 'processing_system7_v5_5_processing_system7' [d:/TabledAsymetricNumeralSystems/KompresjaDanych/KompresjaDanych/KompresjaDanych.srcs/sources_1/bd/Memory/ip/Memory_processing_system7_0_0/hdl/verilog/processing_system7_v5_5_processing_system7.v:161]
INFO: [Synth 8-638] synthesizing module 'BUFG' [D:/Vivado/2017.2/scripts/rt/data/unisim_comp.v:607]
INFO: [Synth 8-256] done synthesizing module 'BUFG' (1#1) [D:/Vivado/2017.2/scripts/rt/data/unisim_comp.v:607]
INFO: [Synth 8-638] synthesizing module 'BIBUF' [D:/Vivado/2017.2/scripts/rt/data/unisim_comp.v:268]
INFO: [Synth 8-256] done synthesizing module 'BIBUF' (2#1) [D:/Vivado/2017.2/scripts/rt/data/unisim_comp.v:268]
INFO: [Synth 8-638] synthesizing module 'PS7' [D:/Vivado/2017.2/scripts/rt/data/unisim_comp.v:33527]
INFO: [Synth 8-256] done synthesizing module 'PS7' (3#1) [D:/Vivado/2017.2/scripts/rt/data/unisim_comp.v:33527]
INFO: [Synth 8-256] done synthesizing module 'processing_system7_v5_5_processing_system7' (4#1) [d:/TabledAsymetricNumeralSystems/KompresjaDanych/KompresjaDanych/KompresjaDanych.srcs/sources_1/bd/Memory/ip/Memory_processing_system7_0_0/hdl/verilog/processing_system7_v5_5_processing_system7.v:161]
INFO: [Synth 8-256] done synthesizing module 'Memory_processing_system7_0_0' (5#1) [d:/TabledAsymetricNumeralSystems/KompresjaDanych/KompresjaDanych/KompresjaDanych.srcs/sources_1/bd/Memory/ip/Memory_processing_system7_0_0/synth/Memory_processing_system7_0_0.v:60]
Finished RTL Elaboration : Time (s): cpu = 00:00:11 ; elapsed = 00:00:17 . Memory (MB): peak = 377.137 ; gain = 125.395
Finished RTL Optimization Phase 1 : Time (s): cpu = 00:00:11 ; elapsed = 00:00:17 . Memory (MB): peak = 377.137 ; gain = 125.395
INFO: [Device 21-403] Loading part xc7z010clg400-1
Constraint Validation Runtime : Time (s): cpu = 00:00:00 ; elapsed = 00:00:00.201 . Memory (MB): peak = 600.125 ; gain = 0.000
Finished Constraint Validation : Time (s): cpu = 00:00:35 ; elapsed = 00:01:26 . Memory (MB): peak = 600.125 ; gain = 348.383
Finished Loading Part and Timing Information : Time (s): cpu = 00:00:35 ; elapsed = 00:01:27 . Memory (MB): peak = 600.125 ; gain = 348.383
Finished applying 'set_property' XDC Constraints : Time (s): cpu = 00:00:35 ; elapsed = 00:01:31 . Memory (MB): peak = 600.125 ; gain = 348.383
Finished RTL Optimization Phase 2 : Time (s): cpu = 00:00:37 ; elapsed = 00:01:35 . Memory (MB): peak = 600.125 ; gain = 348.383
Finished Cross Boundary and Area Optimization : Time (s): cpu = 00:00:38 ; elapsed = 00:01:40 . Memory (MB): peak = 600.125 ; gain = 348.383
Finished Applying XDC Timing Constraints : Time (s): cpu = 00:01:03 ; elapsed = 00:02:18 . Memory (MB): peak = 809.891 ; gain = 558.148
Finished Timing Optimization : Time (s): cpu = 00:01:04 ; elapsed = 00:02:18 . Memory (MB): peak = 825.984 ; gain = 574.242
Finished Technology Mapping : Time (s): cpu = 00:01:07 ; elapsed = 00:02:22 . Memory (MB): peak = 829.051 ; gain = 577.309
Finished IO Insertion : Time (s): cpu = 00:01:11 ; elapsed = 00:02:28 . Memory (MB): peak = 829.051 ; gain = 577.309
Finished Renaming Generated Instances : Time (s): cpu = 00:01:11 ; elapsed = 00:02:28 . Memory (MB): peak = 829.051 ; gain = 577.309
Finished Rebuilding User Hierarchy : Time (s): cpu = 00:01:11 ; elapsed = 00:02:28 . Memory (MB): peak = 829.051 ; gain = 577.309
Finished Renaming Generated Ports : Time (s): cpu = 00:01:11 ; elapsed = 00:02:28 . Memory (MB): peak = 829.051 ; gain = 577.309
Finished Handling Custom Attributes : Time (s): cpu = 00:01:11 ; elapsed = 00:02:28 . Memory (MB): peak = 829.051 ; gain = 577.309
Finished Renaming Generated Nets : Time (s): cpu = 00:01:11 ; elapsed = 00:02:29 . Memory (MB): peak = 829.051 ; gain = 577.309

Report Cell Usage: 
+------+------+------+
|      |Cell  |Count |
+------+------+------+
|1     |BIBUF |   130|
|2     |BUFG  |     1|
|3     |LUT1  |   112|
|4     |PS7   |     1|
+------+------+------+
Finished Writing Synthesis Report : Time (s): cpu = 00:01:11 ; elapsed = 00:02:29 . Memory (MB): peak = 829.051 ; gain = 577.309
synth_design: Time (s): cpu = 00:01:15 ; elapsed = 00:02:38 . Memory (MB): peak = 842.527 ; gain = 595.848
write_checkpoint: Time (s): cpu = 00:00:00 ; elapsed = 00:00:06 . Memory (MB): peak = 842.527 ; gain = 0.000

*** Running vivado
    with args -log Memory_processing_system7_0_0.vds -m64 -product Vivado -mode batch -messageDb vivado.pb -notrace -source Memory_processing_system7_0_0.tcl


****** Vivado v2017.2 (64-bit)
  **** SW Build 1909853 on Thu Jun 15 18:39:09 MDT 2017
  **** IP Build 1909766 on Thu Jun 15 19:58:00 MDT 2017
    ** Copyright 1986-2017 Xilinx, Inc. All Rights Reserved.

source Memory_processing_system7_0_0.tcl -notrace
INFO: [IP_Flow 19-4838] Using cached IP synthesis design for IP Memory_processing_system7_0_0, cache-ID = 93cb1b78a65b3960.
