
*** Running vivado
    with args -log Memory_xbar_0.vds -m64 -product Vivado -mode batch -messageDb vivado.pb -notrace -source Memory_xbar_0.tcl


****** Vivado v2016.3 (64-bit)
  **** SW Build 1682563 on Mon Oct 10 19:07:27 MDT 2016
  **** IP Build 1681267 on Mon Oct 10 21:28:31 MDT 2016
    ** Copyright 1986-2016 Xilinx, Inc. All Rights Reserved.

source Memory_xbar_0.tcl -notrace
Starting RTL Elaboration : Time (s): cpu = 00:00:13 ; elapsed = 00:00:15 . Memory (MB): peak = 314.133 ; gain = 102.180
INFO: [Synth 8-638] synthesizing module 'Memory_xbar_0' [d:/TabledAsymetricNumeralSystems/KompresjaDanych/KompresjaDanych/KompresjaDanych.srcs/sources_1/bd/Memory/ip/Memory_xbar_0/synth/Memory_xbar_0.v:59]
INFO: [Synth 8-638] synthesizing module 'axi_crossbar_v2_1_11_axi_crossbar' [d:/TabledAsymetricNumeralSystems/KompresjaDanych/KompresjaDanych/KompresjaDanych.srcs/sources_1/bd/Memory/ipshared/d552/hdl/axi_crossbar_v2_1_vl_rfs.v:4882]
INFO: [Synth 8-638] synthesizing module 'axi_crossbar_v2_1_11_crossbar' [d:/TabledAsymetricNumeralSystems/KompresjaDanych/KompresjaDanych/KompresjaDanych.srcs/sources_1/bd/Memory/ipshared/d552/hdl/axi_crossbar_v2_1_vl_rfs.v:2239]
INFO: [Synth 8-638] synthesizing module 'axi_crossbar_v2_1_11_si_transactor' [d:/TabledAsymetricNumeralSystems/KompresjaDanych/KompresjaDanych/KompresjaDanych.srcs/sources_1/bd/Memory/ipshared/d552/hdl/axi_crossbar_v2_1_vl_rfs.v:3798]
INFO: [Synth 8-638] synthesizing module 'axi_crossbar_v2_1_11_addr_decoder' [d:/TabledAsymetricNumeralSystems/KompresjaDanych/KompresjaDanych/KompresjaDanych.srcs/sources_1/bd/Memory/ipshared/d552/hdl/axi_crossbar_v2_1_vl_rfs.v:794]
INFO: [Synth 8-638] synthesizing module 'generic_baseblocks_v2_1_0_comparator_static' [d:/TabledAsymetricNumeralSystems/KompresjaDanych/KompresjaDanych/KompresjaDanych.srcs/sources_1/bd/Memory/ipshared/7ee0/hdl/generic_baseblocks_v2_1_vl_rfs.v:2133]
INFO: [Synth 8-638] synthesizing module 'generic_baseblocks_v2_1_0_carry_and' [d:/TabledAsymetricNumeralSystems/KompresjaDanych/KompresjaDanych/KompresjaDanych.srcs/sources_1/bd/Memory/ipshared/7ee0/hdl/generic_baseblocks_v2_1_vl_rfs.v:62]
INFO: [Synth 8-256] done synthesizing module 'generic_baseblocks_v2_1_0_carry_and' (1#1) [d:/TabledAsymetricNumeralSystems/KompresjaDanych/KompresjaDanych/KompresjaDanych.srcs/sources_1/bd/Memory/ipshared/7ee0/hdl/generic_baseblocks_v2_1_vl_rfs.v:62]
INFO: [Synth 8-256] done synthesizing module 'generic_baseblocks_v2_1_0_comparator_static' (2#1) [d:/TabledAsymetricNumeralSystems/KompresjaDanych/KompresjaDanych/KompresjaDanych.srcs/sources_1/bd/Memory/ipshared/7ee0/hdl/generic_baseblocks_v2_1_vl_rfs.v:2133]
INFO: [Synth 8-638] synthesizing module 'generic_baseblocks_v2_1_0_comparator_static__parameterized0' [d:/TabledAsymetricNumeralSystems/KompresjaDanych/KompresjaDanych/KompresjaDanych.srcs/sources_1/bd/Memory/ipshared/7ee0/hdl/generic_baseblocks_v2_1_vl_rfs.v:2133]
INFO: [Synth 8-256] done synthesizing module 'generic_baseblocks_v2_1_0_comparator_static__parameterized0' (2#1) [d:/TabledAsymetricNumeralSystems/KompresjaDanych/KompresjaDanych/KompresjaDanych.srcs/sources_1/bd/Memory/ipshared/7ee0/hdl/generic_baseblocks_v2_1_vl_rfs.v:2133]
INFO: [Synth 8-638] synthesizing module 'generic_baseblocks_v2_1_0_comparator_static__parameterized1' [d:/TabledAsymetricNumeralSystems/KompresjaDanych/KompresjaDanych/KompresjaDanych.srcs/sources_1/bd/Memory/ipshared/7ee0/hdl/generic_baseblocks_v2_1_vl_rfs.v:2133]
INFO: [Synth 8-256] done synthesizing module 'generic_baseblocks_v2_1_0_comparator_static__parameterized1' (2#1) [d:/TabledAsymetricNumeralSystems/KompresjaDanych/KompresjaDanych/KompresjaDanych.srcs/sources_1/bd/Memory/ipshared/7ee0/hdl/generic_baseblocks_v2_1_vl_rfs.v:2133]
INFO: [Synth 8-638] synthesizing module 'generic_baseblocks_v2_1_0_comparator_static__parameterized2' [d:/TabledAsymetricNumeralSystems/KompresjaDanych/KompresjaDanych/KompresjaDanych.srcs/sources_1/bd/Memory/ipshared/7ee0/hdl/generic_baseblocks_v2_1_vl_rfs.v:2133]
INFO: [Synth 8-256] done synthesizing module 'generic_baseblocks_v2_1_0_comparator_static__parameterized2' (2#1) [d:/TabledAsymetricNumeralSystems/KompresjaDanych/KompresjaDanych/KompresjaDanych.srcs/sources_1/bd/Memory/ipshared/7ee0/hdl/generic_baseblocks_v2_1_vl_rfs.v:2133]
INFO: [Synth 8-638] synthesizing module 'generic_baseblocks_v2_1_0_comparator_static__parameterized3' [d:/TabledAsymetricNumeralSystems/KompresjaDanych/KompresjaDanych/KompresjaDanych.srcs/sources_1/bd/Memory/ipshared/7ee0/hdl/generic_baseblocks_v2_1_vl_rfs.v:2133]
INFO: [Synth 8-256] done synthesizing module 'generic_baseblocks_v2_1_0_comparator_static__parameterized3' (2#1) [d:/TabledAsymetricNumeralSystems/KompresjaDanych/KompresjaDanych/KompresjaDanych.srcs/sources_1/bd/Memory/ipshared/7ee0/hdl/generic_baseblocks_v2_1_vl_rfs.v:2133]
INFO: [Synth 8-256] done synthesizing module 'axi_crossbar_v2_1_11_addr_decoder' (3#1) [d:/TabledAsymetricNumeralSystems/KompresjaDanych/KompresjaDanych/KompresjaDanych.srcs/sources_1/bd/Memory/ipshared/d552/hdl/axi_crossbar_v2_1_vl_rfs.v:794]
INFO: [Synth 8-638] synthesizing module 'axi_data_fifo_v2_1_9_axic_srl_fifo' [d:/TabledAsymetricNumeralSystems/KompresjaDanych/KompresjaDanych/KompresjaDanych.srcs/sources_1/bd/Memory/ipshared/10b8/hdl/axi_data_fifo_v2_1_vl_rfs.v:698]
INFO: [Synth 8-638] synthesizing module 'axi_data_fifo_v2_1_9_ndeep_srl' [d:/TabledAsymetricNumeralSystems/KompresjaDanych/KompresjaDanych/KompresjaDanych.srcs/sources_1/bd/Memory/ipshared/10b8/hdl/axi_data_fifo_v2_1_vl_rfs.v:1134]
INFO: [Synth 8-638] synthesizing module 'SRLC32E' [D:/Xilinx/Vivado/2016.3/scripts/rt/data/unisim_comp.v:43478]
INFO: [Synth 8-256] done synthesizing module 'SRLC32E' (4#1) [D:/Xilinx/Vivado/2016.3/scripts/rt/data/unisim_comp.v:43478]
INFO: [Synth 8-256] done synthesizing module 'axi_data_fifo_v2_1_9_ndeep_srl' (5#1) [d:/TabledAsymetricNumeralSystems/KompresjaDanych/KompresjaDanych/KompresjaDanych.srcs/sources_1/bd/Memory/ipshared/10b8/hdl/axi_data_fifo_v2_1_vl_rfs.v:1134]
INFO: [Synth 8-256] done synthesizing module 'axi_data_fifo_v2_1_9_axic_srl_fifo' (6#1) [d:/TabledAsymetricNumeralSystems/KompresjaDanych/KompresjaDanych/KompresjaDanych.srcs/sources_1/bd/Memory/ipshared/10b8/hdl/axi_data_fifo_v2_1_vl_rfs.v:698]
INFO: [Synth 8-638] synthesizing module 'axi_crossbar_v2_1_11_arbiter_resp' [d:/TabledAsymetricNumeralSystems/KompresjaDanych/KompresjaDanych/KompresjaDanych.srcs/sources_1/bd/Memory/ipshared/d552/hdl/axi_crossbar_v2_1_vl_rfs.v:1025]
INFO: [Synth 8-256] done synthesizing module 'axi_crossbar_v2_1_11_arbiter_resp' (7#1) [d:/TabledAsymetricNumeralSystems/KompresjaDanych/KompresjaDanych/KompresjaDanych.srcs/sources_1/bd/Memory/ipshared/d552/hdl/axi_crossbar_v2_1_vl_rfs.v:1025]
INFO: [Synth 8-638] synthesizing module 'generic_baseblocks_v2_1_0_mux_enc' [d:/TabledAsymetricNumeralSystems/KompresjaDanych/KompresjaDanych/KompresjaDanych.srcs/sources_1/bd/Memory/ipshared/7ee0/hdl/generic_baseblocks_v2_1_vl_rfs.v:2452]
INFO: [Synth 8-638] synthesizing module 'MUXF7' [D:/Xilinx/Vivado/2016.3/scripts/rt/data/unisim_comp.v:21379]
INFO: [Synth 8-256] done synthesizing module 'MUXF7' (8#1) [D:/Xilinx/Vivado/2016.3/scripts/rt/data/unisim_comp.v:21379]
INFO: [Synth 8-256] done synthesizing module 'generic_baseblocks_v2_1_0_mux_enc' (9#1) [d:/TabledAsymetricNumeralSystems/KompresjaDanych/KompresjaDanych/KompresjaDanych.srcs/sources_1/bd/Memory/ipshared/7ee0/hdl/generic_baseblocks_v2_1_vl_rfs.v:2452]
INFO: [Synth 8-256] done synthesizing module 'axi_crossbar_v2_1_11_si_transactor' (10#1) [d:/TabledAsymetricNumeralSystems/KompresjaDanych/KompresjaDanych/KompresjaDanych.srcs/sources_1/bd/Memory/ipshared/d552/hdl/axi_crossbar_v2_1_vl_rfs.v:3798]
INFO: [Synth 8-638] synthesizing module 'axi_crossbar_v2_1_11_si_transactor__parameterized0' [d:/TabledAsymetricNumeralSystems/KompresjaDanych/KompresjaDanych/KompresjaDanych.srcs/sources_1/bd/Memory/ipshared/d552/hdl/axi_crossbar_v2_1_vl_rfs.v:3798]
INFO: [Synth 8-638] synthesizing module 'generic_baseblocks_v2_1_0_mux_enc__parameterized0' [d:/TabledAsymetricNumeralSystems/KompresjaDanych/KompresjaDanych/KompresjaDanych.srcs/sources_1/bd/Memory/ipshared/7ee0/hdl/generic_baseblocks_v2_1_vl_rfs.v:2452]
INFO: [Synth 8-256] done synthesizing module 'generic_baseblocks_v2_1_0_mux_enc__parameterized0' (10#1) [d:/TabledAsymetricNumeralSystems/KompresjaDanych/KompresjaDanych/KompresjaDanych.srcs/sources_1/bd/Memory/ipshared/7ee0/hdl/generic_baseblocks_v2_1_vl_rfs.v:2452]
INFO: [Synth 8-256] done synthesizing module 'axi_crossbar_v2_1_11_si_transactor__parameterized0' (10#1) [d:/TabledAsymetricNumeralSystems/KompresjaDanych/KompresjaDanych/KompresjaDanych.srcs/sources_1/bd/Memory/ipshared/d552/hdl/axi_crossbar_v2_1_vl_rfs.v:3798]
INFO: [Synth 8-638] synthesizing module 'axi_crossbar_v2_1_11_splitter' [d:/TabledAsymetricNumeralSystems/KompresjaDanych/KompresjaDanych/KompresjaDanych.srcs/sources_1/bd/Memory/ipshared/d552/hdl/axi_crossbar_v2_1_vl_rfs.v:4459]
INFO: [Synth 8-256] done synthesizing module 'axi_crossbar_v2_1_11_splitter' (11#1) [d:/TabledAsymetricNumeralSystems/KompresjaDanych/KompresjaDanych/KompresjaDanych.srcs/sources_1/bd/Memory/ipshared/d552/hdl/axi_crossbar_v2_1_vl_rfs.v:4459]
INFO: [Synth 8-638] synthesizing module 'axi_crossbar_v2_1_11_wdata_router' [d:/TabledAsymetricNumeralSystems/KompresjaDanych/KompresjaDanych/KompresjaDanych.srcs/sources_1/bd/Memory/ipshared/d552/hdl/axi_crossbar_v2_1_vl_rfs.v:4734]
INFO: [Synth 8-638] synthesizing module 'axi_data_fifo_v2_1_9_axic_reg_srl_fifo' [d:/TabledAsymetricNumeralSystems/KompresjaDanych/KompresjaDanych/KompresjaDanych.srcs/sources_1/bd/Memory/ipshared/10b8/hdl/axi_data_fifo_v2_1_vl_rfs.v:889]
INFO: [Synth 8-638] synthesizing module 'axi_data_fifo_v2_1_9_ndeep_srl__parameterized0' [d:/TabledAsymetricNumeralSystems/KompresjaDanych/KompresjaDanych/KompresjaDanych.srcs/sources_1/bd/Memory/ipshared/10b8/hdl/axi_data_fifo_v2_1_vl_rfs.v:1134]
INFO: [Synth 8-256] done synthesizing module 'axi_data_fifo_v2_1_9_ndeep_srl__parameterized0' (11#1) [d:/TabledAsymetricNumeralSystems/KompresjaDanych/KompresjaDanych/KompresjaDanych.srcs/sources_1/bd/Memory/ipshared/10b8/hdl/axi_data_fifo_v2_1_vl_rfs.v:1134]
INFO: [Synth 8-638] synthesizing module 'axi_data_fifo_v2_1_9_ndeep_srl__parameterized1' [d:/TabledAsymetricNumeralSystems/KompresjaDanych/KompresjaDanych/KompresjaDanych.srcs/sources_1/bd/Memory/ipshared/10b8/hdl/axi_data_fifo_v2_1_vl_rfs.v:1134]
INFO: [Synth 8-256] done synthesizing module 'axi_data_fifo_v2_1_9_ndeep_srl__parameterized1' (11#1) [d:/TabledAsymetricNumeralSystems/KompresjaDanych/KompresjaDanych/KompresjaDanych.srcs/sources_1/bd/Memory/ipshared/10b8/hdl/axi_data_fifo_v2_1_vl_rfs.v:1134]
INFO: [Synth 8-638] synthesizing module 'axi_data_fifo_v2_1_9_ndeep_srl__parameterized2' [d:/TabledAsymetricNumeralSystems/KompresjaDanych/KompresjaDanych/KompresjaDanych.srcs/sources_1/bd/Memory/ipshared/10b8/hdl/axi_data_fifo_v2_1_vl_rfs.v:1134]
INFO: [Synth 8-256] done synthesizing module 'axi_data_fifo_v2_1_9_ndeep_srl__parameterized2' (11#1) [d:/TabledAsymetricNumeralSystems/KompresjaDanych/KompresjaDanych/KompresjaDanych.srcs/sources_1/bd/Memory/ipshared/10b8/hdl/axi_data_fifo_v2_1_vl_rfs.v:1134]
INFO: [Synth 8-638] synthesizing module 'axi_data_fifo_v2_1_9_ndeep_srl__parameterized3' [d:/TabledAsymetricNumeralSystems/KompresjaDanych/KompresjaDanych/KompresjaDanych.srcs/sources_1/bd/Memory/ipshared/10b8/hdl/axi_data_fifo_v2_1_vl_rfs.v:1134]
INFO: [Synth 8-256] done synthesizing module 'axi_data_fifo_v2_1_9_ndeep_srl__parameterized3' (11#1) [d:/TabledAsymetricNumeralSystems/KompresjaDanych/KompresjaDanych/KompresjaDanych.srcs/sources_1/bd/Memory/ipshared/10b8/hdl/axi_data_fifo_v2_1_vl_rfs.v:1134]
INFO: [Synth 8-256] done synthesizing module 'axi_data_fifo_v2_1_9_axic_reg_srl_fifo' (12#1) [d:/TabledAsymetricNumeralSystems/KompresjaDanych/KompresjaDanych/KompresjaDanych.srcs/sources_1/bd/Memory/ipshared/10b8/hdl/axi_data_fifo_v2_1_vl_rfs.v:889]
INFO: [Synth 8-256] done synthesizing module 'axi_crossbar_v2_1_11_wdata_router' (13#1) [d:/TabledAsymetricNumeralSystems/KompresjaDanych/KompresjaDanych/KompresjaDanych.srcs/sources_1/bd/Memory/ipshared/d552/hdl/axi_crossbar_v2_1_vl_rfs.v:4734]
INFO: [Synth 8-638] synthesizing module 'axi_data_fifo_v2_1_9_axic_srl_fifo__parameterized0' [d:/TabledAsymetricNumeralSystems/KompresjaDanych/KompresjaDanych/KompresjaDanych.srcs/sources_1/bd/Memory/ipshared/10b8/hdl/axi_data_fifo_v2_1_vl_rfs.v:698]
INFO: [Synth 8-638] synthesizing module 'axi_data_fifo_v2_1_9_ndeep_srl__parameterized4' [d:/TabledAsymetricNumeralSystems/KompresjaDanych/KompresjaDanych/KompresjaDanych.srcs/sources_1/bd/Memory/ipshared/10b8/hdl/axi_data_fifo_v2_1_vl_rfs.v:1134]
INFO: [Synth 8-256] done synthesizing module 'axi_data_fifo_v2_1_9_ndeep_srl__parameterized4' (13#1) [d:/TabledAsymetricNumeralSystems/KompresjaDanych/KompresjaDanych/KompresjaDanych.srcs/sources_1/bd/Memory/ipshared/10b8/hdl/axi_data_fifo_v2_1_vl_rfs.v:1134]
INFO: [Synth 8-638] synthesizing module 'axi_data_fifo_v2_1_9_ndeep_srl__parameterized5' [d:/TabledAsymetricNumeralSystems/KompresjaDanych/KompresjaDanych/KompresjaDanych.srcs/sources_1/bd/Memory/ipshared/10b8/hdl/axi_data_fifo_v2_1_vl_rfs.v:1134]
INFO: [Synth 8-256] done synthesizing module 'axi_data_fifo_v2_1_9_ndeep_srl__parameterized5' (13#1) [d:/TabledAsymetricNumeralSystems/KompresjaDanych/KompresjaDanych/KompresjaDanych.srcs/sources_1/bd/Memory/ipshared/10b8/hdl/axi_data_fifo_v2_1_vl_rfs.v:1134]
INFO: [Synth 8-638] synthesizing module 'axi_data_fifo_v2_1_9_ndeep_srl__parameterized6' [d:/TabledAsymetricNumeralSystems/KompresjaDanych/KompresjaDanych/KompresjaDanych.srcs/sources_1/bd/Memory/ipshared/10b8/hdl/axi_data_fifo_v2_1_vl_rfs.v:1134]
INFO: [Synth 8-256] done synthesizing module 'axi_data_fifo_v2_1_9_ndeep_srl__parameterized6' (13#1) [d:/TabledAsymetricNumeralSystems/KompresjaDanych/KompresjaDanych/KompresjaDanych.srcs/sources_1/bd/Memory/ipshared/10b8/hdl/axi_data_fifo_v2_1_vl_rfs.v:1134]
INFO: [Synth 8-638] synthesizing module 'axi_data_fifo_v2_1_9_ndeep_srl__parameterized7' [d:/TabledAsymetricNumeralSystems/KompresjaDanych/KompresjaDanych/KompresjaDanych.srcs/sources_1/bd/Memory/ipshared/10b8/hdl/axi_data_fifo_v2_1_vl_rfs.v:1134]
INFO: [Synth 8-256] done synthesizing module 'axi_data_fifo_v2_1_9_ndeep_srl__parameterized7' (13#1) [d:/TabledAsymetricNumeralSystems/KompresjaDanych/KompresjaDanych/KompresjaDanych.srcs/sources_1/bd/Memory/ipshared/10b8/hdl/axi_data_fifo_v2_1_vl_rfs.v:1134]
INFO: [Synth 8-638] synthesizing module 'axi_data_fifo_v2_1_9_ndeep_srl__parameterized8' [d:/TabledAsymetricNumeralSystems/KompresjaDanych/KompresjaDanych/KompresjaDanych.srcs/sources_1/bd/Memory/ipshared/10b8/hdl/axi_data_fifo_v2_1_vl_rfs.v:1134]
INFO: [Synth 8-256] done synthesizing module 'axi_data_fifo_v2_1_9_ndeep_srl__parameterized8' (13#1) [d:/TabledAsymetricNumeralSystems/KompresjaDanych/KompresjaDanych/KompresjaDanych.srcs/sources_1/bd/Memory/ipshared/10b8/hdl/axi_data_fifo_v2_1_vl_rfs.v:1134]
INFO: [Synth 8-638] synthesizing module 'axi_data_fifo_v2_1_9_ndeep_srl__parameterized9' [d:/TabledAsymetricNumeralSystems/KompresjaDanych/KompresjaDanych/KompresjaDanych.srcs/sources_1/bd/Memory/ipshared/10b8/hdl/axi_data_fifo_v2_1_vl_rfs.v:1134]
INFO: [Synth 8-256] done synthesizing module 'axi_data_fifo_v2_1_9_ndeep_srl__parameterized9' (13#1) [d:/TabledAsymetricNumeralSystems/KompresjaDanych/KompresjaDanych/KompresjaDanych.srcs/sources_1/bd/Memory/ipshared/10b8/hdl/axi_data_fifo_v2_1_vl_rfs.v:1134]
INFO: [Synth 8-638] synthesizing module 'axi_data_fifo_v2_1_9_ndeep_srl__parameterized10' [d:/TabledAsymetricNumeralSystems/KompresjaDanych/KompresjaDanych/KompresjaDanych.srcs/sources_1/bd/Memory/ipshared/10b8/hdl/axi_data_fifo_v2_1_vl_rfs.v:1134]
INFO: [Synth 8-256] done synthesizing module 'axi_data_fifo_v2_1_9_ndeep_srl__parameterized10' (13#1) [d:/TabledAsymetricNumeralSystems/KompresjaDanych/KompresjaDanych/KompresjaDanych.srcs/sources_1/bd/Memory/ipshared/10b8/hdl/axi_data_fifo_v2_1_vl_rfs.v:1134]
INFO: [Synth 8-638] synthesizing module 'axi_data_fifo_v2_1_9_ndeep_srl__parameterized11' [d:/TabledAsymetricNumeralSystems/KompresjaDanych/KompresjaDanych/KompresjaDanych.srcs/sources_1/bd/Memory/ipshared/10b8/hdl/axi_data_fifo_v2_1_vl_rfs.v:1134]
INFO: [Synth 8-256] done synthesizing module 'axi_data_fifo_v2_1_9_ndeep_srl__parameterized11' (13#1) [d:/TabledAsymetricNumeralSystems/KompresjaDanych/KompresjaDanych/KompresjaDanych.srcs/sources_1/bd/Memory/ipshared/10b8/hdl/axi_data_fifo_v2_1_vl_rfs.v:1134]
INFO: [Synth 8-256] done synthesizing module 'axi_data_fifo_v2_1_9_axic_srl_fifo__parameterized0' (13#1) [d:/TabledAsymetricNumeralSystems/KompresjaDanych/KompresjaDanych/KompresjaDanych.srcs/sources_1/bd/Memory/ipshared/10b8/hdl/axi_data_fifo_v2_1_vl_rfs.v:698]
INFO: [Synth 8-638] synthesizing module 'axi_crossbar_v2_1_11_wdata_mux' [d:/TabledAsymetricNumeralSystems/KompresjaDanych/KompresjaDanych/KompresjaDanych.srcs/sources_1/bd/Memory/ipshared/d552/hdl/axi_crossbar_v2_1_vl_rfs.v:4559]
INFO: [Synth 8-256] done synthesizing module 'axi_crossbar_v2_1_11_wdata_mux' (14#1) [d:/TabledAsymetricNumeralSystems/KompresjaDanych/KompresjaDanych/KompresjaDanych.srcs/sources_1/bd/Memory/ipshared/d552/hdl/axi_crossbar_v2_1_vl_rfs.v:4559]
INFO: [Synth 8-638] synthesizing module 'axi_register_slice_v2_1_10_axi_register_slice' [d:/TabledAsymetricNumeralSystems/KompresjaDanych/KompresjaDanych/KompresjaDanych.srcs/sources_1/bd/Memory/ipshared/7efe/hdl/axi_register_slice_v2_1_vl_rfs.v:791]
INFO: [Synth 8-638] synthesizing module 'axi_infrastructure_v1_1_0_axi2vector' [d:/TabledAsymetricNumeralSystems/KompresjaDanych/KompresjaDanych/KompresjaDanych.srcs/sources_1/bd/Memory/ipshared/7e3a/hdl/axi_infrastructure_v1_1_vl_rfs.v:60]
INFO: [Synth 8-256] done synthesizing module 'axi_infrastructure_v1_1_0_axi2vector' (15#1) [d:/TabledAsymetricNumeralSystems/KompresjaDanych/KompresjaDanych/KompresjaDanych.srcs/sources_1/bd/Memory/ipshared/7e3a/hdl/axi_infrastructure_v1_1_vl_rfs.v:60]
INFO: [Synth 8-638] synthesizing module 'axi_register_slice_v2_1_10_axic_register_slice' [d:/TabledAsymetricNumeralSystems/KompresjaDanych/KompresjaDanych/KompresjaDanych.srcs/sources_1/bd/Memory/ipshared/7efe/hdl/axi_register_slice_v2_1_vl_rfs.v:85]
INFO: [Synth 8-256] done synthesizing module 'axi_register_slice_v2_1_10_axic_register_slice' (16#1) [d:/TabledAsymetricNumeralSystems/KompresjaDanych/KompresjaDanych/KompresjaDanych.srcs/sources_1/bd/Memory/ipshared/7efe/hdl/axi_register_slice_v2_1_vl_rfs.v:85]
INFO: [Synth 8-638] synthesizing module 'axi_register_slice_v2_1_10_axic_register_slice__parameterized0' [d:/TabledAsymetricNumeralSystems/KompresjaDanych/KompresjaDanych/KompresjaDanych.srcs/sources_1/bd/Memory/ipshared/7efe/hdl/axi_register_slice_v2_1_vl_rfs.v:85]
INFO: [Synth 8-256] done synthesizing module 'axi_register_slice_v2_1_10_axic_register_slice__parameterized0' (16#1) [d:/TabledAsymetricNumeralSystems/KompresjaDanych/KompresjaDanych/KompresjaDanych.srcs/sources_1/bd/Memory/ipshared/7efe/hdl/axi_register_slice_v2_1_vl_rfs.v:85]
INFO: [Synth 8-638] synthesizing module 'axi_register_slice_v2_1_10_axic_register_slice__parameterized1' [d:/TabledAsymetricNumeralSystems/KompresjaDanych/KompresjaDanych/KompresjaDanych.srcs/sources_1/bd/Memory/ipshared/7efe/hdl/axi_register_slice_v2_1_vl_rfs.v:85]
INFO: [Synth 8-256] done synthesizing module 'axi_register_slice_v2_1_10_axic_register_slice__parameterized1' (16#1) [d:/TabledAsymetricNumeralSystems/KompresjaDanych/KompresjaDanych/KompresjaDanych.srcs/sources_1/bd/Memory/ipshared/7efe/hdl/axi_register_slice_v2_1_vl_rfs.v:85]
INFO: [Synth 8-638] synthesizing module 'axi_register_slice_v2_1_10_axic_register_slice__parameterized2' [d:/TabledAsymetricNumeralSystems/KompresjaDanych/KompresjaDanych/KompresjaDanych.srcs/sources_1/bd/Memory/ipshared/7efe/hdl/axi_register_slice_v2_1_vl_rfs.v:85]
INFO: [Synth 8-256] done synthesizing module 'axi_register_slice_v2_1_10_axic_register_slice__parameterized2' (16#1) [d:/TabledAsymetricNumeralSystems/KompresjaDanych/KompresjaDanych/KompresjaDanych.srcs/sources_1/bd/Memory/ipshared/7efe/hdl/axi_register_slice_v2_1_vl_rfs.v:85]
INFO: [Synth 8-638] synthesizing module 'axi_infrastructure_v1_1_0_vector2axi' [d:/TabledAsymetricNumeralSystems/KompresjaDanych/KompresjaDanych/KompresjaDanych.srcs/sources_1/bd/Memory/ipshared/7e3a/hdl/axi_infrastructure_v1_1_vl_rfs.v:474]
INFO: [Synth 8-256] done synthesizing module 'axi_infrastructure_v1_1_0_vector2axi' (17#1) [d:/TabledAsymetricNumeralSystems/KompresjaDanych/KompresjaDanych/KompresjaDanych.srcs/sources_1/bd/Memory/ipshared/7e3a/hdl/axi_infrastructure_v1_1_vl_rfs.v:474]
INFO: [Synth 8-256] done synthesizing module 'axi_register_slice_v2_1_10_axi_register_slice' (18#1) [d:/TabledAsymetricNumeralSystems/KompresjaDanych/KompresjaDanych/KompresjaDanych.srcs/sources_1/bd/Memory/ipshared/7efe/hdl/axi_register_slice_v2_1_vl_rfs.v:791]
INFO: [Synth 8-638] synthesizing module 'axi_data_fifo_v2_1_9_axic_srl_fifo__parameterized1' [d:/TabledAsymetricNumeralSystems/KompresjaDanych/KompresjaDanych/KompresjaDanych.srcs/sources_1/bd/Memory/ipshared/10b8/hdl/axi_data_fifo_v2_1_vl_rfs.v:698]
INFO: [Synth 8-638] synthesizing module 'axi_data_fifo_v2_1_9_ndeep_srl__parameterized12' [d:/TabledAsymetricNumeralSystems/KompresjaDanych/KompresjaDanych/KompresjaDanych.srcs/sources_1/bd/Memory/ipshared/10b8/hdl/axi_data_fifo_v2_1_vl_rfs.v:1134]
INFO: [Synth 8-256] done synthesizing module 'axi_data_fifo_v2_1_9_ndeep_srl__parameterized12' (18#1) [d:/TabledAsymetricNumeralSystems/KompresjaDanych/KompresjaDanych/KompresjaDanych.srcs/sources_1/bd/Memory/ipshared/10b8/hdl/axi_data_fifo_v2_1_vl_rfs.v:1134]
INFO: [Synth 8-638] synthesizing module 'axi_data_fifo_v2_1_9_ndeep_srl__parameterized13' [d:/TabledAsymetricNumeralSystems/KompresjaDanych/KompresjaDanych/KompresjaDanych.srcs/sources_1/bd/Memory/ipshared/10b8/hdl/axi_data_fifo_v2_1_vl_rfs.v:1134]
INFO: [Synth 8-256] done synthesizing module 'axi_data_fifo_v2_1_9_ndeep_srl__parameterized13' (18#1) [d:/TabledAsymetricNumeralSystems/KompresjaDanych/KompresjaDanych/KompresjaDanych.srcs/sources_1/bd/Memory/ipshared/10b8/hdl/axi_data_fifo_v2_1_vl_rfs.v:1134]
INFO: [Synth 8-638] synthesizing module 'axi_data_fifo_v2_1_9_ndeep_srl__parameterized14' [d:/TabledAsymetricNumeralSystems/KompresjaDanych/KompresjaDanych/KompresjaDanych.srcs/sources_1/bd/Memory/ipshared/10b8/hdl/axi_data_fifo_v2_1_vl_rfs.v:1134]
INFO: [Synth 8-256] done synthesizing module 'axi_data_fifo_v2_1_9_ndeep_srl__parameterized14' (18#1) [d:/TabledAsymetricNumeralSystems/KompresjaDanych/KompresjaDanych/KompresjaDanych.srcs/sources_1/bd/Memory/ipshared/10b8/hdl/axi_data_fifo_v2_1_vl_rfs.v:1134]
INFO: [Synth 8-638] synthesizing module 'axi_data_fifo_v2_1_9_ndeep_srl__parameterized15' [d:/TabledAsymetricNumeralSystems/KompresjaDanych/KompresjaDanych/KompresjaDanych.srcs/sources_1/bd/Memory/ipshared/10b8/hdl/axi_data_fifo_v2_1_vl_rfs.v:1134]
INFO: [Synth 8-256] done synthesizing module 'axi_data_fifo_v2_1_9_ndeep_srl__parameterized15' (18#1) [d:/TabledAsymetricNumeralSystems/KompresjaDanych/KompresjaDanych/KompresjaDanych.srcs/sources_1/bd/Memory/ipshared/10b8/hdl/axi_data_fifo_v2_1_vl_rfs.v:1134]
INFO: [Synth 8-638] synthesizing module 'axi_data_fifo_v2_1_9_ndeep_srl__parameterized16' [d:/TabledAsymetricNumeralSystems/KompresjaDanych/KompresjaDanych/KompresjaDanych.srcs/sources_1/bd/Memory/ipshared/10b8/hdl/axi_data_fifo_v2_1_vl_rfs.v:1134]
INFO: [Synth 8-256] done synthesizing module 'axi_data_fifo_v2_1_9_ndeep_srl__parameterized16' (18#1) [d:/TabledAsymetricNumeralSystems/KompresjaDanych/KompresjaDanych/KompresjaDanych.srcs/sources_1/bd/Memory/ipshared/10b8/hdl/axi_data_fifo_v2_1_vl_rfs.v:1134]
INFO: [Synth 8-638] synthesizing module 'axi_data_fifo_v2_1_9_ndeep_srl__parameterized17' [d:/TabledAsymetricNumeralSystems/KompresjaDanych/KompresjaDanych/KompresjaDanych.srcs/sources_1/bd/Memory/ipshared/10b8/hdl/axi_data_fifo_v2_1_vl_rfs.v:1134]
INFO: [Synth 8-256] done synthesizing module 'axi_data_fifo_v2_1_9_ndeep_srl__parameterized17' (18#1) [d:/TabledAsymetricNumeralSystems/KompresjaDanych/KompresjaDanych/KompresjaDanych.srcs/sources_1/bd/Memory/ipshared/10b8/hdl/axi_data_fifo_v2_1_vl_rfs.v:1134]
INFO: [Synth 8-638] synthesizing module 'axi_data_fifo_v2_1_9_ndeep_srl__parameterized18' [d:/TabledAsymetricNumeralSystems/KompresjaDanych/KompresjaDanych/KompresjaDanych.srcs/sources_1/bd/Memory/ipshared/10b8/hdl/axi_data_fifo_v2_1_vl_rfs.v:1134]
INFO: [Synth 8-256] done synthesizing module 'axi_data_fifo_v2_1_9_ndeep_srl__parameterized18' (18#1) [d:/TabledAsymetricNumeralSystems/KompresjaDanych/KompresjaDanych/KompresjaDanych.srcs/sources_1/bd/Memory/ipshared/10b8/hdl/axi_data_fifo_v2_1_vl_rfs.v:1134]
INFO: [Synth 8-638] synthesizing module 'axi_data_fifo_v2_1_9_ndeep_srl__parameterized19' [d:/TabledAsymetricNumeralSystems/KompresjaDanych/KompresjaDanych/KompresjaDanych.srcs/sources_1/bd/Memory/ipshared/10b8/hdl/axi_data_fifo_v2_1_vl_rfs.v:1134]
INFO: [Synth 8-256] done synthesizing module 'axi_data_fifo_v2_1_9_ndeep_srl__parameterized19' (18#1) [d:/TabledAsymetricNumeralSystems/KompresjaDanych/KompresjaDanych/KompresjaDanych.srcs/sources_1/bd/Memory/ipshared/10b8/hdl/axi_data_fifo_v2_1_vl_rfs.v:1134]
INFO: [Synth 8-256] done synthesizing module 'axi_data_fifo_v2_1_9_axic_srl_fifo__parameterized1' (18#1) [d:/TabledAsymetricNumeralSystems/KompresjaDanych/KompresjaDanych/KompresjaDanych.srcs/sources_1/bd/Memory/ipshared/10b8/hdl/axi_data_fifo_v2_1_vl_rfs.v:698]
INFO: [Synth 8-638] synthesizing module 'axi_data_fifo_v2_1_9_axic_srl_fifo__parameterized2' [d:/TabledAsymetricNumeralSystems/KompresjaDanych/KompresjaDanych/KompresjaDanych.srcs/sources_1/bd/Memory/ipshared/10b8/hdl/axi_data_fifo_v2_1_vl_rfs.v:698]
INFO: [Synth 8-638] synthesizing module 'axi_data_fifo_v2_1_9_ndeep_srl__parameterized20' [d:/TabledAsymetricNumeralSystems/KompresjaDanych/KompresjaDanych/KompresjaDanych.srcs/sources_1/bd/Memory/ipshared/10b8/hdl/axi_data_fifo_v2_1_vl_rfs.v:1134]
INFO: [Synth 8-256] done synthesizing module 'axi_data_fifo_v2_1_9_ndeep_srl__parameterized20' (18#1) [d:/TabledAsymetricNumeralSystems/KompresjaDanych/KompresjaDanych/KompresjaDanych.srcs/sources_1/bd/Memory/ipshared/10b8/hdl/axi_data_fifo_v2_1_vl_rfs.v:1134]
INFO: [Synth 8-638] synthesizing module 'axi_data_fifo_v2_1_9_ndeep_srl__parameterized21' [d:/TabledAsymetricNumeralSystems/KompresjaDanych/KompresjaDanych/KompresjaDanych.srcs/sources_1/bd/Memory/ipshared/10b8/hdl/axi_data_fifo_v2_1_vl_rfs.v:1134]
INFO: [Synth 8-256] done synthesizing module 'axi_data_fifo_v2_1_9_ndeep_srl__parameterized21' (18#1) [d:/TabledAsymetricNumeralSystems/KompresjaDanych/KompresjaDanych/KompresjaDanych.srcs/sources_1/bd/Memory/ipshared/10b8/hdl/axi_data_fifo_v2_1_vl_rfs.v:1134]
INFO: [Synth 8-638] synthesizing module 'axi_data_fifo_v2_1_9_ndeep_srl__parameterized22' [d:/TabledAsymetricNumeralSystems/KompresjaDanych/KompresjaDanych/KompresjaDanych.srcs/sources_1/bd/Memory/ipshared/10b8/hdl/axi_data_fifo_v2_1_vl_rfs.v:1134]
INFO: [Synth 8-256] done synthesizing module 'axi_data_fifo_v2_1_9_ndeep_srl__parameterized22' (18#1) [d:/TabledAsymetricNumeralSystems/KompresjaDanych/KompresjaDanych/KompresjaDanych.srcs/sources_1/bd/Memory/ipshared/10b8/hdl/axi_data_fifo_v2_1_vl_rfs.v:1134]
INFO: [Synth 8-638] synthesizing module 'axi_data_fifo_v2_1_9_ndeep_srl__parameterized23' [d:/TabledAsymetricNumeralSystems/KompresjaDanych/KompresjaDanych/KompresjaDanych.srcs/sources_1/bd/Memory/ipshared/10b8/hdl/axi_data_fifo_v2_1_vl_rfs.v:1134]
INFO: [Synth 8-256] done synthesizing module 'axi_data_fifo_v2_1_9_ndeep_srl__parameterized23' (18#1) [d:/TabledAsymetricNumeralSystems/KompresjaDanych/KompresjaDanych/KompresjaDanych.srcs/sources_1/bd/Memory/ipshared/10b8/hdl/axi_data_fifo_v2_1_vl_rfs.v:1134]
INFO: [Synth 8-638] synthesizing module 'axi_data_fifo_v2_1_9_ndeep_srl__parameterized24' [d:/TabledAsymetricNumeralSystems/KompresjaDanych/KompresjaDanych/KompresjaDanych.srcs/sources_1/bd/Memory/ipshared/10b8/hdl/axi_data_fifo_v2_1_vl_rfs.v:1134]
INFO: [Synth 8-256] done synthesizing module 'axi_data_fifo_v2_1_9_ndeep_srl__parameterized24' (18#1) [d:/TabledAsymetricNumeralSystems/KompresjaDanych/KompresjaDanych/KompresjaDanych.srcs/sources_1/bd/Memory/ipshared/10b8/hdl/axi_data_fifo_v2_1_vl_rfs.v:1134]
INFO: [Synth 8-638] synthesizing module 'axi_data_fifo_v2_1_9_ndeep_srl__parameterized25' [d:/TabledAsymetricNumeralSystems/KompresjaDanych/KompresjaDanych/KompresjaDanych.srcs/sources_1/bd/Memory/ipshared/10b8/hdl/axi_data_fifo_v2_1_vl_rfs.v:1134]
INFO: [Synth 8-256] done synthesizing module 'axi_data_fifo_v2_1_9_ndeep_srl__parameterized25' (18#1) [d:/TabledAsymetricNumeralSystems/KompresjaDanych/KompresjaDanych/KompresjaDanych.srcs/sources_1/bd/Memory/ipshared/10b8/hdl/axi_data_fifo_v2_1_vl_rfs.v:1134]
INFO: [Synth 8-638] synthesizing module 'axi_data_fifo_v2_1_9_ndeep_srl__parameterized26' [d:/TabledAsymetricNumeralSystems/KompresjaDanych/KompresjaDanych/KompresjaDanych.srcs/sources_1/bd/Memory/ipshared/10b8/hdl/axi_data_fifo_v2_1_vl_rfs.v:1134]
INFO: [Synth 8-256] done synthesizing module 'axi_data_fifo_v2_1_9_ndeep_srl__parameterized26' (18#1) [d:/TabledAsymetricNumeralSystems/KompresjaDanych/KompresjaDanych/KompresjaDanych.srcs/sources_1/bd/Memory/ipshared/10b8/hdl/axi_data_fifo_v2_1_vl_rfs.v:1134]
INFO: [Synth 8-638] synthesizing module 'axi_data_fifo_v2_1_9_ndeep_srl__parameterized27' [d:/TabledAsymetricNumeralSystems/KompresjaDanych/KompresjaDanych/KompresjaDanych.srcs/sources_1/bd/Memory/ipshared/10b8/hdl/axi_data_fifo_v2_1_vl_rfs.v:1134]
INFO: [Synth 8-256] done synthesizing module 'axi_data_fifo_v2_1_9_ndeep_srl__parameterized27' (18#1) [d:/TabledAsymetricNumeralSystems/KompresjaDanych/KompresjaDanych/KompresjaDanych.srcs/sources_1/bd/Memory/ipshared/10b8/hdl/axi_data_fifo_v2_1_vl_rfs.v:1134]
INFO: [Synth 8-256] done synthesizing module 'axi_data_fifo_v2_1_9_axic_srl_fifo__parameterized2' (18#1) [d:/TabledAsymetricNumeralSystems/KompresjaDanych/KompresjaDanych/KompresjaDanych.srcs/sources_1/bd/Memory/ipshared/10b8/hdl/axi_data_fifo_v2_1_vl_rfs.v:698]
INFO: [Synth 8-638] synthesizing module 'axi_data_fifo_v2_1_9_axic_srl_fifo__parameterized3' [d:/TabledAsymetricNumeralSystems/KompresjaDanych/KompresjaDanych/KompresjaDanych.srcs/sources_1/bd/Memory/ipshared/10b8/hdl/axi_data_fifo_v2_1_vl_rfs.v:698]
INFO: [Synth 8-638] synthesizing module 'axi_data_fifo_v2_1_9_ndeep_srl__parameterized28' [d:/TabledAsymetricNumeralSystems/KompresjaDanych/KompresjaDanych/KompresjaDanych.srcs/sources_1/bd/Memory/ipshared/10b8/hdl/axi_data_fifo_v2_1_vl_rfs.v:1134]
INFO: [Synth 8-256] done synthesizing module 'axi_data_fifo_v2_1_9_ndeep_srl__parameterized28' (18#1) [d:/TabledAsymetricNumeralSystems/KompresjaDanych/KompresjaDanych/KompresjaDanych.srcs/sources_1/bd/Memory/ipshared/10b8/hdl/axi_data_fifo_v2_1_vl_rfs.v:1134]
INFO: [Synth 8-638] synthesizing module 'axi_data_fifo_v2_1_9_ndeep_srl__parameterized29' [d:/TabledAsymetricNumeralSystems/KompresjaDanych/KompresjaDanych/KompresjaDanych.srcs/sources_1/bd/Memory/ipshared/10b8/hdl/axi_data_fifo_v2_1_vl_rfs.v:1134]
INFO: [Synth 8-256] done synthesizing module 'axi_data_fifo_v2_1_9_ndeep_srl__parameterized29' (18#1) [d:/TabledAsymetricNumeralSystems/KompresjaDanych/KompresjaDanych/KompresjaDanych.srcs/sources_1/bd/Memory/ipshared/10b8/hdl/axi_data_fifo_v2_1_vl_rfs.v:1134]
INFO: [Synth 8-638] synthesizing module 'axi_data_fifo_v2_1_9_ndeep_srl__parameterized30' [d:/TabledAsymetricNumeralSystems/KompresjaDanych/KompresjaDanych/KompresjaDanych.srcs/sources_1/bd/Memory/ipshared/10b8/hdl/axi_data_fifo_v2_1_vl_rfs.v:1134]
INFO: [Synth 8-256] done synthesizing module 'axi_data_fifo_v2_1_9_ndeep_srl__parameterized30' (18#1) [d:/TabledAsymetricNumeralSystems/KompresjaDanych/KompresjaDanych/KompresjaDanych.srcs/sources_1/bd/Memory/ipshared/10b8/hdl/axi_data_fifo_v2_1_vl_rfs.v:1134]
INFO: [Synth 8-638] synthesizing module 'axi_data_fifo_v2_1_9_ndeep_srl__parameterized31' [d:/TabledAsymetricNumeralSystems/KompresjaDanych/KompresjaDanych/KompresjaDanych.srcs/sources_1/bd/Memory/ipshared/10b8/hdl/axi_data_fifo_v2_1_vl_rfs.v:1134]
INFO: [Synth 8-256] done synthesizing module 'axi_data_fifo_v2_1_9_ndeep_srl__parameterized31' (18#1) [d:/TabledAsymetricNumeralSystems/KompresjaDanych/KompresjaDanych/KompresjaDanych.srcs/sources_1/bd/Memory/ipshared/10b8/hdl/axi_data_fifo_v2_1_vl_rfs.v:1134]
INFO: [Synth 8-638] synthesizing module 'axi_data_fifo_v2_1_9_ndeep_srl__parameterized32' [d:/TabledAsymetricNumeralSystems/KompresjaDanych/KompresjaDanych/KompresjaDanych.srcs/sources_1/bd/Memory/ipshared/10b8/hdl/axi_data_fifo_v2_1_vl_rfs.v:1134]
INFO: [Synth 8-256] done synthesizing module 'axi_data_fifo_v2_1_9_ndeep_srl__parameterized32' (18#1) [d:/TabledAsymetricNumeralSystems/KompresjaDanych/KompresjaDanych/KompresjaDanych.srcs/sources_1/bd/Memory/ipshared/10b8/hdl/axi_data_fifo_v2_1_vl_rfs.v:1134]
INFO: [Synth 8-638] synthesizing module 'axi_data_fifo_v2_1_9_ndeep_srl__parameterized33' [d:/TabledAsymetricNumeralSystems/KompresjaDanych/KompresjaDanych/KompresjaDanych.srcs/sources_1/bd/Memory/ipshared/10b8/hdl/axi_data_fifo_v2_1_vl_rfs.v:1134]
INFO: [Synth 8-256] done synthesizing module 'axi_data_fifo_v2_1_9_ndeep_srl__parameterized33' (18#1) [d:/TabledAsymetricNumeralSystems/KompresjaDanych/KompresjaDanych/KompresjaDanych.srcs/sources_1/bd/Memory/ipshared/10b8/hdl/axi_data_fifo_v2_1_vl_rfs.v:1134]
INFO: [Synth 8-638] synthesizing module 'axi_data_fifo_v2_1_9_ndeep_srl__parameterized34' [d:/TabledAsymetricNumeralSystems/KompresjaDanych/KompresjaDanych/KompresjaDanych.srcs/sources_1/bd/Memory/ipshared/10b8/hdl/axi_data_fifo_v2_1_vl_rfs.v:1134]
INFO: [Synth 8-256] done synthesizing module 'axi_data_fifo_v2_1_9_ndeep_srl__parameterized34' (18#1) [d:/TabledAsymetricNumeralSystems/KompresjaDanych/KompresjaDanych/KompresjaDanych.srcs/sources_1/bd/Memory/ipshared/10b8/hdl/axi_data_fifo_v2_1_vl_rfs.v:1134]
INFO: [Synth 8-638] synthesizing module 'axi_data_fifo_v2_1_9_ndeep_srl__parameterized35' [d:/TabledAsymetricNumeralSystems/KompresjaDanych/KompresjaDanych/KompresjaDanych.srcs/sources_1/bd/Memory/ipshared/10b8/hdl/axi_data_fifo_v2_1_vl_rfs.v:1134]
INFO: [Synth 8-256] done synthesizing module 'axi_data_fifo_v2_1_9_ndeep_srl__parameterized35' (18#1) [d:/TabledAsymetricNumeralSystems/KompresjaDanych/KompresjaDanych/KompresjaDanych.srcs/sources_1/bd/Memory/ipshared/10b8/hdl/axi_data_fifo_v2_1_vl_rfs.v:1134]
INFO: [Synth 8-256] done synthesizing module 'axi_data_fifo_v2_1_9_axic_srl_fifo__parameterized3' (18#1) [d:/TabledAsymetricNumeralSystems/KompresjaDanych/KompresjaDanych/KompresjaDanych.srcs/sources_1/bd/Memory/ipshared/10b8/hdl/axi_data_fifo_v2_1_vl_rfs.v:698]
INFO: [Synth 8-638] synthesizing module 'axi_data_fifo_v2_1_9_axic_srl_fifo__parameterized4' [d:/TabledAsymetricNumeralSystems/KompresjaDanych/KompresjaDanych/KompresjaDanych.srcs/sources_1/bd/Memory/ipshared/10b8/hdl/axi_data_fifo_v2_1_vl_rfs.v:698]
INFO: [Synth 8-638] synthesizing module 'axi_data_fifo_v2_1_9_ndeep_srl__parameterized36' [d:/TabledAsymetricNumeralSystems/KompresjaDanych/KompresjaDanych/KompresjaDanych.srcs/sources_1/bd/Memory/ipshared/10b8/hdl/axi_data_fifo_v2_1_vl_rfs.v:1134]
INFO: [Synth 8-256] done synthesizing module 'axi_data_fifo_v2_1_9_ndeep_srl__parameterized36' (18#1) [d:/TabledAsymetricNumeralSystems/KompresjaDanych/KompresjaDanych/KompresjaDanych.srcs/sources_1/bd/Memory/ipshared/10b8/hdl/axi_data_fifo_v2_1_vl_rfs.v:1134]
INFO: [Synth 8-638] synthesizing module 'axi_data_fifo_v2_1_9_ndeep_srl__parameterized37' [d:/TabledAsymetricNumeralSystems/KompresjaDanych/KompresjaDanych/KompresjaDanych.srcs/sources_1/bd/Memory/ipshared/10b8/hdl/axi_data_fifo_v2_1_vl_rfs.v:1134]
INFO: [Synth 8-256] done synthesizing module 'axi_data_fifo_v2_1_9_ndeep_srl__parameterized37' (18#1) [d:/TabledAsymetricNumeralSystems/KompresjaDanych/KompresjaDanych/KompresjaDanych.srcs/sources_1/bd/Memory/ipshared/10b8/hdl/axi_data_fifo_v2_1_vl_rfs.v:1134]
INFO: [Synth 8-638] synthesizing module 'axi_data_fifo_v2_1_9_ndeep_srl__parameterized38' [d:/TabledAsymetricNumeralSystems/KompresjaDanych/KompresjaDanych/KompresjaDanych.srcs/sources_1/bd/Memory/ipshared/10b8/hdl/axi_data_fifo_v2_1_vl_rfs.v:1134]
INFO: [Synth 8-256] done synthesizing module 'axi_data_fifo_v2_1_9_ndeep_srl__parameterized38' (18#1) [d:/TabledAsymetricNumeralSystems/KompresjaDanych/KompresjaDanych/KompresjaDanych.srcs/sources_1/bd/Memory/ipshared/10b8/hdl/axi_data_fifo_v2_1_vl_rfs.v:1134]
INFO: [Synth 8-638] synthesizing module 'axi_data_fifo_v2_1_9_ndeep_srl__parameterized39' [d:/TabledAsymetricNumeralSystems/KompresjaDanych/KompresjaDanych/KompresjaDanych.srcs/sources_1/bd/Memory/ipshared/10b8/hdl/axi_data_fifo_v2_1_vl_rfs.v:1134]
INFO: [Synth 8-256] done synthesizing module 'axi_data_fifo_v2_1_9_ndeep_srl__parameterized39' (18#1) [d:/TabledAsymetricNumeralSystems/KompresjaDanych/KompresjaDanych/KompresjaDanych.srcs/sources_1/bd/Memory/ipshared/10b8/hdl/axi_data_fifo_v2_1_vl_rfs.v:1134]
INFO: [Synth 8-638] synthesizing module 'axi_data_fifo_v2_1_9_ndeep_srl__parameterized40' [d:/TabledAsymetricNumeralSystems/KompresjaDanych/KompresjaDanych/KompresjaDanych.srcs/sources_1/bd/Memory/ipshared/10b8/hdl/axi_data_fifo_v2_1_vl_rfs.v:1134]
INFO: [Synth 8-256] done synthesizing module 'axi_data_fifo_v2_1_9_ndeep_srl__parameterized40' (18#1) [d:/TabledAsymetricNumeralSystems/KompresjaDanych/KompresjaDanych/KompresjaDanych.srcs/sources_1/bd/Memory/ipshared/10b8/hdl/axi_data_fifo_v2_1_vl_rfs.v:1134]
INFO: [Synth 8-638] synthesizing module 'axi_data_fifo_v2_1_9_ndeep_srl__parameterized41' [d:/TabledAsymetricNumeralSystems/KompresjaDanych/KompresjaDanych/KompresjaDanych.srcs/sources_1/bd/Memory/ipshared/10b8/hdl/axi_data_fifo_v2_1_vl_rfs.v:1134]
INFO: [Synth 8-256] done synthesizing module 'axi_data_fifo_v2_1_9_ndeep_srl__parameterized41' (18#1) [d:/TabledAsymetricNumeralSystems/KompresjaDanych/KompresjaDanych/KompresjaDanych.srcs/sources_1/bd/Memory/ipshared/10b8/hdl/axi_data_fifo_v2_1_vl_rfs.v:1134]
INFO: [Synth 8-638] synthesizing module 'axi_data_fifo_v2_1_9_ndeep_srl__parameterized42' [d:/TabledAsymetricNumeralSystems/KompresjaDanych/KompresjaDanych/KompresjaDanych.srcs/sources_1/bd/Memory/ipshared/10b8/hdl/axi_data_fifo_v2_1_vl_rfs.v:1134]
INFO: [Synth 8-256] done synthesizing module 'axi_data_fifo_v2_1_9_ndeep_srl__parameterized42' (18#1) [d:/TabledAsymetricNumeralSystems/KompresjaDanych/KompresjaDanych/KompresjaDanych.srcs/sources_1/bd/Memory/ipshared/10b8/hdl/axi_data_fifo_v2_1_vl_rfs.v:1134]
INFO: [Synth 8-638] synthesizing module 'axi_data_fifo_v2_1_9_ndeep_srl__parameterized43' [d:/TabledAsymetricNumeralSystems/KompresjaDanych/KompresjaDanych/KompresjaDanych.srcs/sources_1/bd/Memory/ipshared/10b8/hdl/axi_data_fifo_v2_1_vl_rfs.v:1134]
INFO: [Synth 8-256] done synthesizing module 'axi_data_fifo_v2_1_9_ndeep_srl__parameterized43' (18#1) [d:/TabledAsymetricNumeralSystems/KompresjaDanych/KompresjaDanych/KompresjaDanych.srcs/sources_1/bd/Memory/ipshared/10b8/hdl/axi_data_fifo_v2_1_vl_rfs.v:1134]
INFO: [Synth 8-256] done synthesizing module 'axi_data_fifo_v2_1_9_axic_srl_fifo__parameterized4' (18#1) [d:/TabledAsymetricNumeralSystems/KompresjaDanych/KompresjaDanych/KompresjaDanych.srcs/sources_1/bd/Memory/ipshared/10b8/hdl/axi_data_fifo_v2_1_vl_rfs.v:698]
INFO: [Synth 8-638] synthesizing module 'axi_data_fifo_v2_1_9_axic_srl_fifo__parameterized5' [d:/TabledAsymetricNumeralSystems/KompresjaDanych/KompresjaDanych/KompresjaDanych.srcs/sources_1/bd/Memory/ipshared/10b8/hdl/axi_data_fifo_v2_1_vl_rfs.v:698]
INFO: [Synth 8-638] synthesizing module 'axi_data_fifo_v2_1_9_ndeep_srl__parameterized44' [d:/TabledAsymetricNumeralSystems/KompresjaDanych/KompresjaDanych/KompresjaDanych.srcs/sources_1/bd/Memory/ipshared/10b8/hdl/axi_data_fifo_v2_1_vl_rfs.v:1134]
INFO: [Synth 8-256] done synthesizing module 'axi_data_fifo_v2_1_9_ndeep_srl__parameterized44' (18#1) [d:/TabledAsymetricNumeralSystems/KompresjaDanych/KompresjaDanych/KompresjaDanych.srcs/sources_1/bd/Memory/ipshared/10b8/hdl/axi_data_fifo_v2_1_vl_rfs.v:1134]
INFO: [Synth 8-638] synthesizing module 'axi_data_fifo_v2_1_9_ndeep_srl__parameterized45' [d:/TabledAsymetricNumeralSystems/KompresjaDanych/KompresjaDanych/KompresjaDanych.srcs/sources_1/bd/Memory/ipshared/10b8/hdl/axi_data_fifo_v2_1_vl_rfs.v:1134]
INFO: [Synth 8-256] done synthesizing module 'axi_data_fifo_v2_1_9_ndeep_srl__parameterized45' (18#1) [d:/TabledAsymetricNumeralSystems/KompresjaDanych/KompresjaDanych/KompresjaDanych.srcs/sources_1/bd/Memory/ipshared/10b8/hdl/axi_data_fifo_v2_1_vl_rfs.v:1134]
INFO: [Synth 8-638] synthesizing module 'axi_data_fifo_v2_1_9_ndeep_srl__parameterized46' [d:/TabledAsymetricNumeralSystems/KompresjaDanych/KompresjaDanych/KompresjaDanych.srcs/sources_1/bd/Memory/ipshared/10b8/hdl/axi_data_fifo_v2_1_vl_rfs.v:1134]
INFO: [Synth 8-256] done synthesizing module 'axi_data_fifo_v2_1_9_ndeep_srl__parameterized46' (18#1) [d:/TabledAsymetricNumeralSystems/KompresjaDanych/KompresjaDanych/KompresjaDanych.srcs/sources_1/bd/Memory/ipshared/10b8/hdl/axi_data_fifo_v2_1_vl_rfs.v:1134]
INFO: [Synth 8-638] synthesizing module 'axi_data_fifo_v2_1_9_ndeep_srl__parameterized47' [d:/TabledAsymetricNumeralSystems/KompresjaDanych/KompresjaDanych/KompresjaDanych.srcs/sources_1/bd/Memory/ipshared/10b8/hdl/axi_data_fifo_v2_1_vl_rfs.v:1134]
INFO: [Synth 8-256] done synthesizing module 'axi_data_fifo_v2_1_9_ndeep_srl__parameterized47' (18#1) [d:/TabledAsymetricNumeralSystems/KompresjaDanych/KompresjaDanych/KompresjaDanych.srcs/sources_1/bd/Memory/ipshared/10b8/hdl/axi_data_fifo_v2_1_vl_rfs.v:1134]
INFO: [Synth 8-638] synthesizing module 'axi_data_fifo_v2_1_9_ndeep_srl__parameterized48' [d:/TabledAsymetricNumeralSystems/KompresjaDanych/KompresjaDanych/KompresjaDanych.srcs/sources_1/bd/Memory/ipshared/10b8/hdl/axi_data_fifo_v2_1_vl_rfs.v:1134]
INFO: [Synth 8-256] done synthesizing module 'axi_data_fifo_v2_1_9_ndeep_srl__parameterized48' (18#1) [d:/TabledAsymetricNumeralSystems/KompresjaDanych/KompresjaDanych/KompresjaDanych.srcs/sources_1/bd/Memory/ipshared/10b8/hdl/axi_data_fifo_v2_1_vl_rfs.v:1134]
INFO: [Synth 8-638] synthesizing module 'axi_data_fifo_v2_1_9_ndeep_srl__parameterized49' [d:/TabledAsymetricNumeralSystems/KompresjaDanych/KompresjaDanych/KompresjaDanych.srcs/sources_1/bd/Memory/ipshared/10b8/hdl/axi_data_fifo_v2_1_vl_rfs.v:1134]
INFO: [Synth 8-256] done synthesizing module 'axi_data_fifo_v2_1_9_ndeep_srl__parameterized49' (18#1) [d:/TabledAsymetricNumeralSystems/KompresjaDanych/KompresjaDanych/KompresjaDanych.srcs/sources_1/bd/Memory/ipshared/10b8/hdl/axi_data_fifo_v2_1_vl_rfs.v:1134]
INFO: [Synth 8-638] synthesizing module 'axi_data_fifo_v2_1_9_ndeep_srl__parameterized50' [d:/TabledAsymetricNumeralSystems/KompresjaDanych/KompresjaDanych/KompresjaDanych.srcs/sources_1/bd/Memory/ipshared/10b8/hdl/axi_data_fifo_v2_1_vl_rfs.v:1134]
INFO: [Synth 8-256] done synthesizing module 'axi_data_fifo_v2_1_9_ndeep_srl__parameterized50' (18#1) [d:/TabledAsymetricNumeralSystems/KompresjaDanych/KompresjaDanych/KompresjaDanych.srcs/sources_1/bd/Memory/ipshared/10b8/hdl/axi_data_fifo_v2_1_vl_rfs.v:1134]
INFO: [Synth 8-638] synthesizing module 'axi_data_fifo_v2_1_9_ndeep_srl__parameterized51' [d:/TabledAsymetricNumeralSystems/KompresjaDanych/KompresjaDanych/KompresjaDanych.srcs/sources_1/bd/Memory/ipshared/10b8/hdl/axi_data_fifo_v2_1_vl_rfs.v:1134]
INFO: [Synth 8-256] done synthesizing module 'axi_data_fifo_v2_1_9_ndeep_srl__parameterized51' (18#1) [d:/TabledAsymetricNumeralSystems/KompresjaDanych/KompresjaDanych/KompresjaDanych.srcs/sources_1/bd/Memory/ipshared/10b8/hdl/axi_data_fifo_v2_1_vl_rfs.v:1134]
INFO: [Synth 8-256] done synthesizing module 'axi_data_fifo_v2_1_9_axic_srl_fifo__parameterized5' (18#1) [d:/TabledAsymetricNumeralSystems/KompresjaDanych/KompresjaDanych/KompresjaDanych.srcs/sources_1/bd/Memory/ipshared/10b8/hdl/axi_data_fifo_v2_1_vl_rfs.v:698]
INFO: [Synth 8-638] synthesizing module 'axi_crossbar_v2_1_11_wdata_mux__parameterized0' [d:/TabledAsymetricNumeralSystems/KompresjaDanych/KompresjaDanych/KompresjaDanych.srcs/sources_1/bd/Memory/ipshared/d552/hdl/axi_crossbar_v2_1_vl_rfs.v:4559]
INFO: [Synth 8-256] done synthesizing module 'axi_crossbar_v2_1_11_wdata_mux__parameterized0' (18#1) [d:/TabledAsymetricNumeralSystems/KompresjaDanych/KompresjaDanych/KompresjaDanych.srcs/sources_1/bd/Memory/ipshared/d552/hdl/axi_crossbar_v2_1_vl_rfs.v:4559]
INFO: [Synth 8-638] synthesizing module 'axi_crossbar_v2_1_11_decerr_slave' [d:/TabledAsymetricNumeralSystems/KompresjaDanych/KompresjaDanych/KompresjaDanych.srcs/sources_1/bd/Memory/ipshared/d552/hdl/axi_crossbar_v2_1_vl_rfs.v:3500]
INFO: [Synth 8-256] done synthesizing module 'axi_crossbar_v2_1_11_decerr_slave' (19#1) [d:/TabledAsymetricNumeralSystems/KompresjaDanych/KompresjaDanych/KompresjaDanych.srcs/sources_1/bd/Memory/ipshared/d552/hdl/axi_crossbar_v2_1_vl_rfs.v:3500]
INFO: [Synth 8-638] synthesizing module 'axi_crossbar_v2_1_11_addr_arbiter' [d:/TabledAsymetricNumeralSystems/KompresjaDanych/KompresjaDanych/KompresjaDanych.srcs/sources_1/bd/Memory/ipshared/d552/hdl/axi_crossbar_v2_1_vl_rfs.v:423]
INFO: [Synth 8-256] done synthesizing module 'axi_crossbar_v2_1_11_addr_arbiter' (20#1) [d:/TabledAsymetricNumeralSystems/KompresjaDanych/KompresjaDanych/KompresjaDanych.srcs/sources_1/bd/Memory/ipshared/d552/hdl/axi_crossbar_v2_1_vl_rfs.v:423]
INFO: [Synth 8-256] done synthesizing module 'axi_crossbar_v2_1_11_crossbar' (21#1) [d:/TabledAsymetricNumeralSystems/KompresjaDanych/KompresjaDanych/KompresjaDanych.srcs/sources_1/bd/Memory/ipshared/d552/hdl/axi_crossbar_v2_1_vl_rfs.v:2239]
INFO: [Synth 8-256] done synthesizing module 'axi_crossbar_v2_1_11_axi_crossbar' (22#1) [d:/TabledAsymetricNumeralSystems/KompresjaDanych/KompresjaDanych/KompresjaDanych.srcs/sources_1/bd/Memory/ipshared/d552/hdl/axi_crossbar_v2_1_vl_rfs.v:4882]
INFO: [Synth 8-256] done synthesizing module 'Memory_xbar_0' (23#1) [d:/TabledAsymetricNumeralSystems/KompresjaDanych/KompresjaDanych/KompresjaDanych.srcs/sources_1/bd/Memory/ip/Memory_xbar_0/synth/Memory_xbar_0.v:59]
Finished RTL Elaboration : Time (s): cpu = 00:00:21 ; elapsed = 00:00:23 . Memory (MB): peak = 449.008 ; gain = 237.055
Finished RTL Optimization Phase 1 : Time (s): cpu = 00:00:22 ; elapsed = 00:00:24 . Memory (MB): peak = 449.008 ; gain = 237.055
INFO: [Device 21-403] Loading part xc7z010clg400-1
Constraint Validation Runtime : Time (s): cpu = 00:00:00 ; elapsed = 00:00:00.349 . Memory (MB): peak = 682.578 ; gain = 1.215
Finished Constraint Validation : Time (s): cpu = 00:00:36 ; elapsed = 00:00:39 . Memory (MB): peak = 682.578 ; gain = 470.625
Finished Loading Part and Timing Information : Time (s): cpu = 00:00:36 ; elapsed = 00:00:39 . Memory (MB): peak = 682.578 ; gain = 470.625
Finished applying 'set_property' XDC Constraints : Time (s): cpu = 00:00:36 ; elapsed = 00:00:39 . Memory (MB): peak = 682.578 ; gain = 470.625
Finished RTL Optimization Phase 2 : Time (s): cpu = 00:00:39 ; elapsed = 00:00:41 . Memory (MB): peak = 682.578 ; gain = 470.625
Finished Cross Boundary and Area Optimization : Time (s): cpu = 00:00:49 ; elapsed = 00:00:52 . Memory (MB): peak = 682.578 ; gain = 470.625
Finished Applying XDC Timing Constraints : Time (s): cpu = 00:01:22 ; elapsed = 00:01:25 . Memory (MB): peak = 682.578 ; gain = 470.625
Finished Timing Optimization : Time (s): cpu = 00:01:36 ; elapsed = 00:01:39 . Memory (MB): peak = 730.125 ; gain = 518.172
Finished Technology Mapping : Time (s): cpu = 00:01:41 ; elapsed = 00:01:44 . Memory (MB): peak = 730.125 ; gain = 518.172
Finished IO Insertion : Time (s): cpu = 00:01:44 ; elapsed = 00:01:47 . Memory (MB): peak = 730.125 ; gain = 518.172
Finished Renaming Generated Instances : Time (s): cpu = 00:01:44 ; elapsed = 00:01:47 . Memory (MB): peak = 730.125 ; gain = 518.172
Finished Rebuilding User Hierarchy : Time (s): cpu = 00:01:45 ; elapsed = 00:01:48 . Memory (MB): peak = 730.125 ; gain = 518.172
Finished Renaming Generated Ports : Time (s): cpu = 00:01:45 ; elapsed = 00:01:48 . Memory (MB): peak = 730.125 ; gain = 518.172
Finished Handling Custom Attributes : Time (s): cpu = 00:01:45 ; elapsed = 00:01:48 . Memory (MB): peak = 730.125 ; gain = 518.172
Finished Renaming Generated Nets : Time (s): cpu = 00:01:45 ; elapsed = 00:01:48 . Memory (MB): peak = 730.125 ; gain = 518.172

Report Cell Usage: 
+------+--------+------+
|      |Cell    |Count |
+------+--------+------+
|1     |CARRY4  |    32|
|2     |LUT1    |    44|
|3     |LUT2    |    51|
|4     |LUT3    |   350|
|5     |LUT4    |   129|
|6     |LUT5    |   202|
|7     |LUT6    |   319|
|8     |MUXF7   |    62|
|9     |SRLC32E |     4|
|10    |FDRE    |  1189|
|11    |FDSE    |     6|
+------+--------+------+
Finished Writing Synthesis Report : Time (s): cpu = 00:01:45 ; elapsed = 00:01:48 . Memory (MB): peak = 730.125 ; gain = 518.172
synth_design: Time (s): cpu = 00:01:49 ; elapsed = 00:01:51 . Memory (MB): peak = 730.125 ; gain = 501.320
