Copyright 1986-2016 Xilinx, Inc. All Rights Reserved.
------------------------------------------------------------------------------------
| Tool Version : Vivado v.2016.3 (win64) Build 1682563 Mon Oct 10 19:07:27 MDT 2016
| Date         : Fri Aug 04 12:43:15 2017
| Host         : Ola-Komputer running 64-bit Service Pack 1  (build 7601)
| Command      : upgrade_ip
| Device       : xc7z010clg400-1
------------------------------------------------------------------------------------

Upgrade Log for IP 'start_memblock'

1. Summary
----------

SUCCESS in the update of start_memblock (xilinx.com:ip:blk_mem_gen:8.3 (Rev. 4)) to current project options.






Copyright 1986-2016 Xilinx, Inc. All Rights Reserved.
------------------------------------------------------------------------------------
| Tool Version : Vivado v.2016.3 (win64) Build 1682563 Mon Oct 10 19:07:27 MDT 2016
| Date         : Fri Aug 04 12:42:59 2017
| Host         : Ola-Komputer running 64-bit Service Pack 1  (build 7601)
| Command      : upgrade_ip
| Device       : xc7z010clg400-1
------------------------------------------------------------------------------------

Upgrade Log for IP 'start_block_blk_mem_gen_0_0'

1. Summary
----------

SUCCESS in the update of start_block_blk_mem_gen_0_0 (xilinx.com:ip:blk_mem_gen:8.3 (Rev. 4)) to current project options.






Copyright 1986-2016 Xilinx, Inc. All Rights Reserved.
------------------------------------------------------------------------------------
| Tool Version : Vivado v.2016.3 (win64) Build 1682563 Mon Oct 10 19:07:27 MDT 2016
| Date         : Fri Aug 04 12:42:59 2017
| Host         : Ola-Komputer running 64-bit Service Pack 1  (build 7601)
| Command      : upgrade_ip
| Device       : xc7z010clg400-1
------------------------------------------------------------------------------------

Upgrade Log for IP 'start_block_axi_bram_ctrl_0_0'

1. Summary
----------

SUCCESS in the update of start_block_axi_bram_ctrl_0_0 (xilinx.com:ip:axi_bram_ctrl:4.0 (Rev. 9)) to current project options.






Copyright 1986-2016 Xilinx, Inc. All Rights Reserved.
------------------------------------------------------------------------------------
| Tool Version : Vivado v.2016.3 (win64) Build 1682563 Mon Oct 10 19:07:27 MDT 2016
| Date         : Fri Aug 04 09:55:12 2017
| Host         : Ola-Komputer running 64-bit Service Pack 1  (build 7601)
| Command      : upgrade_ip
| Device       : xc7k70tfbv676-1
------------------------------------------------------------------------------------

Upgrade Log for IP 'start_memblock'

1. Summary
----------

SUCCESS in the upgrade of start_memblock (xilinx.com:ip:blk_mem_gen:8.3) from (Rev. 5) to (Rev. 4)

