#-----------------------------------------------------------
# Vivado v2016.3 (64-bit)
# SW Build 1682563 on Mon Oct 10 19:07:27 MDT 2016
# IP Build 1681267 on Mon Oct 10 21:28:31 MDT 2016
# Start of session at: Tue May 23 13:29:44 2017
# Process ID: 6120
# Current directory: C:/Users/Ola/Desktop/KompresjaDanych
# Command line: vivado.exe -gui_launcher_event rodinguilauncherevent6432 C:\Users\Ola\Desktop\KompresjaDanych\KompresjaDanych.xpr
# Log file: C:/Users/Ola/Desktop/KompresjaDanych/vivado.log
# Journal file: C:/Users/Ola/Desktop/KompresjaDanych\vivado.jou
#-----------------------------------------------------------
start_gui
open_project C:/Users/Ola/Desktop/KompresjaDanych/KompresjaDanych.xpr
INFO: [Project 1-313] Project file moved from 'C:/Users/tomas/KompresjaDanych' since last save.
Scanning sources...
Finished scanning sources
WARNING: [filemgmt 56-2] IP Output Repository Path: Could not find the directory 'C:/Users/Ola/Desktop/KompresjaDanych/KompresjaDanych.cache/ip', nor could it be found using path 'C:/Users/tomas/KompresjaDanych/KompresjaDanych.cache/ip'.
INFO: [IP_Flow 19-234] Refreshing IP repositories
INFO: [IP_Flow 19-1704] No user IP repositories specified
INFO: [IP_Flow 19-2313] Loaded Vivado IP repository 'D:/Xilinx/Vivado/2016.3/data/ip'.
exit
INFO: [Common 17-206] Exiting Vivado at Tue May 23 16:45:56 2017...
