
*** Running vivado
    with args -log encoding_table_block_axi_bram_ctrl_0_0.vds -m64 -product Vivado -mode batch -messageDb vivado.pb -notrace -source encoding_table_block_axi_bram_ctrl_0_0.tcl


****** Vivado v2016.3 (64-bit)
  **** SW Build 1682563 on Mon Oct 10 19:07:27 MDT 2016
  **** IP Build 1681267 on Mon Oct 10 21:28:31 MDT 2016
    ** Copyright 1986-2016 Xilinx, Inc. All Rights Reserved.

source encoding_table_block_axi_bram_ctrl_0_0.tcl -notrace
Starting RTL Elaboration : Time (s): cpu = 00:00:12 ; elapsed = 00:00:14 . Memory (MB): peak = 297.980 ; gain = 85.984
INFO: [Synth 8-638] synthesizing module 'encoding_table_block_axi_bram_ctrl_0_0' [d:/TabledAsymetricNumeralSystems/KompresjaDanych/KompresjaDanych/KompresjaDanych.srcs/sources_1/bd/encoding_table_block/ip/encoding_table_block_axi_bram_ctrl_0_0/synth/encoding_table_block_axi_bram_ctrl_0_0.vhd:108]
INFO: [Synth 8-638] synthesizing module 'axi_bram_ctrl' [d:/TabledAsymetricNumeralSystems/KompresjaDanych/KompresjaDanych/KompresjaDanych.srcs/sources_1/bd/encoding_table_block/ipshared/d95a/hdl/axi_bram_ctrl_v4_0_rfs.vhd:23897]
INFO: [Synth 8-638] synthesizing module 'axi_bram_ctrl_top' [d:/TabledAsymetricNumeralSystems/KompresjaDanych/KompresjaDanych/KompresjaDanych.srcs/sources_1/bd/encoding_table_block/ipshared/d95a/hdl/axi_bram_ctrl_v4_0_rfs.vhd:22901]
INFO: [Synth 8-638] synthesizing module 'full_axi' [d:/TabledAsymetricNumeralSystems/KompresjaDanych/KompresjaDanych/KompresjaDanych.srcs/sources_1/bd/encoding_table_block/ipshared/d95a/hdl/axi_bram_ctrl_v4_0_rfs.vhd:21844]
INFO: [Synth 8-638] synthesizing module 'sng_port_arb' [d:/TabledAsymetricNumeralSystems/KompresjaDanych/KompresjaDanych/KompresjaDanych.srcs/sources_1/bd/encoding_table_block/ipshared/d95a/hdl/axi_bram_ctrl_v4_0_rfs.vhd:9216]
INFO: [Synth 8-256] done synthesizing module 'sng_port_arb' (1#1) [d:/TabledAsymetricNumeralSystems/KompresjaDanych/KompresjaDanych/KompresjaDanych.srcs/sources_1/bd/encoding_table_block/ipshared/d95a/hdl/axi_bram_ctrl_v4_0_rfs.vhd:9216]
INFO: [Synth 8-638] synthesizing module 'wr_chnl' [d:/TabledAsymetricNumeralSystems/KompresjaDanych/KompresjaDanych/KompresjaDanych.srcs/sources_1/bd/encoding_table_block/ipshared/d95a/hdl/axi_bram_ctrl_v4_0_rfs.vhd:17009]
INFO: [Synth 8-638] synthesizing module 'wrap_brst' [d:/TabledAsymetricNumeralSystems/KompresjaDanych/KompresjaDanych/KompresjaDanych.srcs/sources_1/bd/encoding_table_block/ipshared/d95a/hdl/axi_bram_ctrl_v4_0_rfs.vhd:10215]
INFO: [Synth 8-256] done synthesizing module 'wrap_brst' (2#1) [d:/TabledAsymetricNumeralSystems/KompresjaDanych/KompresjaDanych/KompresjaDanych.srcs/sources_1/bd/encoding_table_block/ipshared/d95a/hdl/axi_bram_ctrl_v4_0_rfs.vhd:10215]
INFO: [Synth 8-638] synthesizing module 'SRL_FIFO' [d:/TabledAsymetricNumeralSystems/KompresjaDanych/KompresjaDanych/KompresjaDanych.srcs/sources_1/bd/encoding_table_block/ipshared/d95a/hdl/axi_bram_ctrl_v4_0_rfs.vhd:133]
INFO: [Synth 8-638] synthesizing module 'FDR' [D:/Xilinx/Vivado/2016.3/scripts/rt/data/unisim_comp.v:3951]
INFO: [Synth 8-256] done synthesizing module 'FDR' (3#1) [D:/Xilinx/Vivado/2016.3/scripts/rt/data/unisim_comp.v:3951]
INFO: [Synth 8-638] synthesizing module 'MUXCY_L' [D:/Xilinx/Vivado/2016.3/scripts/rt/data/unisim_comp.v:21293]
INFO: [Synth 8-256] done synthesizing module 'MUXCY_L' (4#1) [D:/Xilinx/Vivado/2016.3/scripts/rt/data/unisim_comp.v:21293]
INFO: [Synth 8-638] synthesizing module 'XORCY' [D:/Xilinx/Vivado/2016.3/scripts/rt/data/unisim_comp.v:45340]
INFO: [Synth 8-256] done synthesizing module 'XORCY' (5#1) [D:/Xilinx/Vivado/2016.3/scripts/rt/data/unisim_comp.v:45340]
INFO: [Synth 8-638] synthesizing module 'FDRE' [D:/Xilinx/Vivado/2016.3/scripts/rt/data/unisim_comp.v:3964]
INFO: [Synth 8-256] done synthesizing module 'FDRE' (6#1) [D:/Xilinx/Vivado/2016.3/scripts/rt/data/unisim_comp.v:3964]
INFO: [Synth 8-638] synthesizing module 'SRL16E' [D:/Xilinx/Vivado/2016.3/scripts/rt/data/unisim_comp.v:43328]
INFO: [Synth 8-256] done synthesizing module 'SRL16E' (7#1) [D:/Xilinx/Vivado/2016.3/scripts/rt/data/unisim_comp.v:43328]
INFO: [Synth 8-256] done synthesizing module 'SRL_FIFO' (8#1) [d:/TabledAsymetricNumeralSystems/KompresjaDanych/KompresjaDanych/KompresjaDanych.srcs/sources_1/bd/encoding_table_block/ipshared/d95a/hdl/axi_bram_ctrl_v4_0_rfs.vhd:133]
INFO: [Synth 8-256] done synthesizing module 'wr_chnl' (9#1) [d:/TabledAsymetricNumeralSystems/KompresjaDanych/KompresjaDanych/KompresjaDanych.srcs/sources_1/bd/encoding_table_block/ipshared/d95a/hdl/axi_bram_ctrl_v4_0_rfs.vhd:17009]
INFO: [Synth 8-638] synthesizing module 'rd_chnl' [d:/TabledAsymetricNumeralSystems/KompresjaDanych/KompresjaDanych/KompresjaDanych.srcs/sources_1/bd/encoding_table_block/ipshared/d95a/hdl/axi_bram_ctrl_v4_0_rfs.vhd:11495]
INFO: [Synth 8-256] done synthesizing module 'rd_chnl' (10#1) [d:/TabledAsymetricNumeralSystems/KompresjaDanych/KompresjaDanych/KompresjaDanych.srcs/sources_1/bd/encoding_table_block/ipshared/d95a/hdl/axi_bram_ctrl_v4_0_rfs.vhd:11495]
INFO: [Synth 8-256] done synthesizing module 'full_axi' (11#1) [d:/TabledAsymetricNumeralSystems/KompresjaDanych/KompresjaDanych/KompresjaDanych.srcs/sources_1/bd/encoding_table_block/ipshared/d95a/hdl/axi_bram_ctrl_v4_0_rfs.vhd:21844]
INFO: [Synth 8-256] done synthesizing module 'axi_bram_ctrl_top' (12#1) [d:/TabledAsymetricNumeralSystems/KompresjaDanych/KompresjaDanych/KompresjaDanych.srcs/sources_1/bd/encoding_table_block/ipshared/d95a/hdl/axi_bram_ctrl_v4_0_rfs.vhd:22901]
INFO: [Synth 8-256] done synthesizing module 'axi_bram_ctrl' (13#1) [d:/TabledAsymetricNumeralSystems/KompresjaDanych/KompresjaDanych/KompresjaDanych.srcs/sources_1/bd/encoding_table_block/ipshared/d95a/hdl/axi_bram_ctrl_v4_0_rfs.vhd:23897]
INFO: [Synth 8-256] done synthesizing module 'encoding_table_block_axi_bram_ctrl_0_0' (14#1) [d:/TabledAsymetricNumeralSystems/KompresjaDanych/KompresjaDanych/KompresjaDanych.srcs/sources_1/bd/encoding_table_block/ip/encoding_table_block_axi_bram_ctrl_0_0/synth/encoding_table_block_axi_bram_ctrl_0_0.vhd:108]
Finished RTL Elaboration : Time (s): cpu = 00:00:20 ; elapsed = 00:00:22 . Memory (MB): peak = 409.250 ; gain = 197.254
Finished RTL Optimization Phase 1 : Time (s): cpu = 00:00:20 ; elapsed = 00:00:23 . Memory (MB): peak = 409.250 ; gain = 197.254
INFO: [Device 21-403] Loading part xc7z010clg400-1
Constraint Validation Runtime : Time (s): cpu = 00:00:00 ; elapsed = 00:00:00.042 . Memory (MB): peak = 640.137 ; gain = 0.000
Finished Constraint Validation : Time (s): cpu = 00:00:35 ; elapsed = 00:00:38 . Memory (MB): peak = 640.137 ; gain = 428.141
Finished Loading Part and Timing Information : Time (s): cpu = 00:00:35 ; elapsed = 00:00:38 . Memory (MB): peak = 640.137 ; gain = 428.141
Finished applying 'set_property' XDC Constraints : Time (s): cpu = 00:00:35 ; elapsed = 00:00:38 . Memory (MB): peak = 640.137 ; gain = 428.141
Finished RTL Optimization Phase 2 : Time (s): cpu = 00:00:36 ; elapsed = 00:00:39 . Memory (MB): peak = 640.137 ; gain = 428.141
Finished Cross Boundary and Area Optimization : Time (s): cpu = 00:00:39 ; elapsed = 00:00:42 . Memory (MB): peak = 640.137 ; gain = 428.141
Finished Applying XDC Timing Constraints : Time (s): cpu = 00:00:54 ; elapsed = 00:00:58 . Memory (MB): peak = 640.137 ; gain = 428.141
Finished Timing Optimization : Time (s): cpu = 00:00:56 ; elapsed = 00:01:00 . Memory (MB): peak = 640.137 ; gain = 428.141
Finished Technology Mapping : Time (s): cpu = 00:00:57 ; elapsed = 00:01:00 . Memory (MB): peak = 643.277 ; gain = 431.281
Finished IO Insertion : Time (s): cpu = 00:00:58 ; elapsed = 00:01:01 . Memory (MB): peak = 643.277 ; gain = 431.281
Finished Renaming Generated Instances : Time (s): cpu = 00:00:58 ; elapsed = 00:01:01 . Memory (MB): peak = 643.277 ; gain = 431.281
Finished Rebuilding User Hierarchy : Time (s): cpu = 00:00:58 ; elapsed = 00:01:01 . Memory (MB): peak = 643.277 ; gain = 431.281
Finished Renaming Generated Ports : Time (s): cpu = 00:00:58 ; elapsed = 00:01:01 . Memory (MB): peak = 643.277 ; gain = 431.281
Finished Handling Custom Attributes : Time (s): cpu = 00:00:58 ; elapsed = 00:01:01 . Memory (MB): peak = 643.277 ; gain = 431.281
Finished Renaming Generated Nets : Time (s): cpu = 00:00:58 ; elapsed = 00:01:02 . Memory (MB): peak = 643.277 ; gain = 431.281

Report Cell Usage: 
+------+--------+------+
|      |Cell    |Count |
+------+--------+------+
|1     |LUT1    |     2|
|2     |LUT2    |    22|
|3     |LUT3    |    53|
|4     |LUT4    |    44|
|5     |LUT5    |    34|
|6     |LUT6    |   122|
|7     |MUXCY_L |     3|
|8     |SRL16E  |    12|
|9     |XORCY   |     4|
|10    |FDR     |     1|
|11    |FDRE    |   237|
+------+--------+------+
Finished Writing Synthesis Report : Time (s): cpu = 00:00:58 ; elapsed = 00:01:02 . Memory (MB): peak = 643.277 ; gain = 431.281
synth_design: Time (s): cpu = 00:00:56 ; elapsed = 00:00:59 . Memory (MB): peak = 652.465 ; gain = 434.301
