
*** Running vivado
    with args -log Memory_axi_bram_ctrl_1_0.vds -m64 -product Vivado -mode batch -messageDb vivado.pb -notrace -source Memory_axi_bram_ctrl_1_0.tcl


****** Vivado v2017.2 (64-bit)
  **** SW Build 1909853 on Thu Jun 15 18:39:09 MDT 2017
  **** IP Build 1909766 on Thu Jun 15 19:58:00 MDT 2017
    ** Copyright 1986-2017 Xilinx, Inc. All Rights Reserved.

source Memory_axi_bram_ctrl_1_0.tcl -notrace
create_project: Time (s): cpu = 00:00:00 ; elapsed = 00:00:14 . Memory (MB): peak = 225.145 ; gain = 1.953
Starting RTL Elaboration : Time (s): cpu = 00:00:13 ; elapsed = 00:00:38 . Memory (MB): peak = 324.961 ; gain = 83.078
INFO: [Synth 8-638] synthesizing module 'Memory_axi_bram_ctrl_1_0' [d:/TabledAsymetricNumeralSystems/KompresjaDanych/KompresjaDanych/KompresjaDanych.srcs/sources_1/bd/Memory/ip/Memory_axi_bram_ctrl_1_0/synth/Memory_axi_bram_ctrl_1_0.vhd:108]
INFO: [Synth 8-638] synthesizing module 'axi_bram_ctrl' [d:/TabledAsymetricNumeralSystems/KompresjaDanych/KompresjaDanych/KompresjaDanych.srcs/sources_1/bd/Memory/ipshared/9183/hdl/axi_bram_ctrl_v4_0_rfs.vhd:23897]
INFO: [Synth 8-638] synthesizing module 'axi_bram_ctrl_top' [d:/TabledAsymetricNumeralSystems/KompresjaDanych/KompresjaDanych/KompresjaDanych.srcs/sources_1/bd/Memory/ipshared/9183/hdl/axi_bram_ctrl_v4_0_rfs.vhd:22901]
INFO: [Synth 8-638] synthesizing module 'full_axi' [d:/TabledAsymetricNumeralSystems/KompresjaDanych/KompresjaDanych/KompresjaDanych.srcs/sources_1/bd/Memory/ipshared/9183/hdl/axi_bram_ctrl_v4_0_rfs.vhd:21844]
INFO: [Synth 8-638] synthesizing module 'sng_port_arb' [d:/TabledAsymetricNumeralSystems/KompresjaDanych/KompresjaDanych/KompresjaDanych.srcs/sources_1/bd/Memory/ipshared/9183/hdl/axi_bram_ctrl_v4_0_rfs.vhd:9216]
INFO: [Synth 8-256] done synthesizing module 'sng_port_arb' (1#1) [d:/TabledAsymetricNumeralSystems/KompresjaDanych/KompresjaDanych/KompresjaDanych.srcs/sources_1/bd/Memory/ipshared/9183/hdl/axi_bram_ctrl_v4_0_rfs.vhd:9216]
INFO: [Synth 8-638] synthesizing module 'wr_chnl' [d:/TabledAsymetricNumeralSystems/KompresjaDanych/KompresjaDanych/KompresjaDanych.srcs/sources_1/bd/Memory/ipshared/9183/hdl/axi_bram_ctrl_v4_0_rfs.vhd:17009]
INFO: [Synth 8-638] synthesizing module 'wrap_brst' [d:/TabledAsymetricNumeralSystems/KompresjaDanych/KompresjaDanych/KompresjaDanych.srcs/sources_1/bd/Memory/ipshared/9183/hdl/axi_bram_ctrl_v4_0_rfs.vhd:10215]
INFO: [Synth 8-256] done synthesizing module 'wrap_brst' (2#1) [d:/TabledAsymetricNumeralSystems/KompresjaDanych/KompresjaDanych/KompresjaDanych.srcs/sources_1/bd/Memory/ipshared/9183/hdl/axi_bram_ctrl_v4_0_rfs.vhd:10215]
INFO: [Synth 8-638] synthesizing module 'SRL_FIFO' [d:/TabledAsymetricNumeralSystems/KompresjaDanych/KompresjaDanych/KompresjaDanych.srcs/sources_1/bd/Memory/ipshared/9183/hdl/axi_bram_ctrl_v4_0_rfs.vhd:133]
INFO: [Synth 8-638] synthesizing module 'FDR' [D:/Vivado/2017.2/scripts/rt/data/unisim_comp.v:3951]
INFO: [Synth 8-256] done synthesizing module 'FDR' (3#1) [D:/Vivado/2017.2/scripts/rt/data/unisim_comp.v:3951]
INFO: [Synth 8-638] synthesizing module 'MUXCY_L' [D:/Vivado/2017.2/scripts/rt/data/unisim_comp.v:21638]
INFO: [Synth 8-256] done synthesizing module 'MUXCY_L' (4#1) [D:/Vivado/2017.2/scripts/rt/data/unisim_comp.v:21638]
INFO: [Synth 8-638] synthesizing module 'XORCY' [D:/Vivado/2017.2/scripts/rt/data/unisim_comp.v:45685]
INFO: [Synth 8-256] done synthesizing module 'XORCY' (5#1) [D:/Vivado/2017.2/scripts/rt/data/unisim_comp.v:45685]
INFO: [Synth 8-638] synthesizing module 'FDRE' [D:/Vivado/2017.2/scripts/rt/data/unisim_comp.v:3964]
INFO: [Synth 8-256] done synthesizing module 'FDRE' (6#1) [D:/Vivado/2017.2/scripts/rt/data/unisim_comp.v:3964]
INFO: [Synth 8-638] synthesizing module 'SRL16E' [D:/Vivado/2017.2/scripts/rt/data/unisim_comp.v:43673]
INFO: [Synth 8-256] done synthesizing module 'SRL16E' (7#1) [D:/Vivado/2017.2/scripts/rt/data/unisim_comp.v:43673]
INFO: [Synth 8-256] done synthesizing module 'SRL_FIFO' (8#1) [d:/TabledAsymetricNumeralSystems/KompresjaDanych/KompresjaDanych/KompresjaDanych.srcs/sources_1/bd/Memory/ipshared/9183/hdl/axi_bram_ctrl_v4_0_rfs.vhd:133]
INFO: [Synth 8-256] done synthesizing module 'wr_chnl' (9#1) [d:/TabledAsymetricNumeralSystems/KompresjaDanych/KompresjaDanych/KompresjaDanych.srcs/sources_1/bd/Memory/ipshared/9183/hdl/axi_bram_ctrl_v4_0_rfs.vhd:17009]
INFO: [Synth 8-638] synthesizing module 'rd_chnl' [d:/TabledAsymetricNumeralSystems/KompresjaDanych/KompresjaDanych/KompresjaDanych.srcs/sources_1/bd/Memory/ipshared/9183/hdl/axi_bram_ctrl_v4_0_rfs.vhd:11495]
INFO: [Synth 8-256] done synthesizing module 'rd_chnl' (10#1) [d:/TabledAsymetricNumeralSystems/KompresjaDanych/KompresjaDanych/KompresjaDanych.srcs/sources_1/bd/Memory/ipshared/9183/hdl/axi_bram_ctrl_v4_0_rfs.vhd:11495]
INFO: [Synth 8-256] done synthesizing module 'full_axi' (11#1) [d:/TabledAsymetricNumeralSystems/KompresjaDanych/KompresjaDanych/KompresjaDanych.srcs/sources_1/bd/Memory/ipshared/9183/hdl/axi_bram_ctrl_v4_0_rfs.vhd:21844]
INFO: [Synth 8-256] done synthesizing module 'axi_bram_ctrl_top' (12#1) [d:/TabledAsymetricNumeralSystems/KompresjaDanych/KompresjaDanych/KompresjaDanych.srcs/sources_1/bd/Memory/ipshared/9183/hdl/axi_bram_ctrl_v4_0_rfs.vhd:22901]
INFO: [Synth 8-256] done synthesizing module 'axi_bram_ctrl' (13#1) [d:/TabledAsymetricNumeralSystems/KompresjaDanych/KompresjaDanych/KompresjaDanych.srcs/sources_1/bd/Memory/ipshared/9183/hdl/axi_bram_ctrl_v4_0_rfs.vhd:23897]
INFO: [Synth 8-256] done synthesizing module 'Memory_axi_bram_ctrl_1_0' (14#1) [d:/TabledAsymetricNumeralSystems/KompresjaDanych/KompresjaDanych/KompresjaDanych.srcs/sources_1/bd/Memory/ip/Memory_axi_bram_ctrl_1_0/synth/Memory_axi_bram_ctrl_1_0.vhd:108]
Finished RTL Elaboration : Time (s): cpu = 00:00:29 ; elapsed = 00:01:15 . Memory (MB): peak = 440.871 ; gain = 198.988
Finished RTL Optimization Phase 1 : Time (s): cpu = 00:00:29 ; elapsed = 00:01:15 . Memory (MB): peak = 440.871 ; gain = 198.988
INFO: [Device 21-403] Loading part xc7z010clg400-1
Constraint Validation Runtime : Time (s): cpu = 00:00:00 ; elapsed = 00:00:00.062 . Memory (MB): peak = 674.875 ; gain = 0.000
Finished Constraint Validation : Time (s): cpu = 00:00:53 ; elapsed = 00:01:47 . Memory (MB): peak = 674.875 ; gain = 432.992
Finished Loading Part and Timing Information : Time (s): cpu = 00:00:53 ; elapsed = 00:01:47 . Memory (MB): peak = 674.875 ; gain = 432.992
Finished applying 'set_property' XDC Constraints : Time (s): cpu = 00:00:53 ; elapsed = 00:01:47 . Memory (MB): peak = 674.875 ; gain = 432.992
Finished RTL Optimization Phase 2 : Time (s): cpu = 00:00:55 ; elapsed = 00:01:49 . Memory (MB): peak = 674.875 ; gain = 432.992
Finished Cross Boundary and Area Optimization : Time (s): cpu = 00:00:59 ; elapsed = 00:01:54 . Memory (MB): peak = 674.875 ; gain = 432.992
Finished Applying XDC Timing Constraints : Time (s): cpu = 00:01:19 ; elapsed = 00:02:15 . Memory (MB): peak = 674.875 ; gain = 432.992
Finished Timing Optimization : Time (s): cpu = 00:01:21 ; elapsed = 00:02:17 . Memory (MB): peak = 691.238 ; gain = 449.355
Finished Technology Mapping : Time (s): cpu = 00:01:21 ; elapsed = 00:02:17 . Memory (MB): peak = 691.238 ; gain = 449.355
Finished IO Insertion : Time (s): cpu = 00:01:22 ; elapsed = 00:02:18 . Memory (MB): peak = 691.238 ; gain = 449.355
Finished Renaming Generated Instances : Time (s): cpu = 00:01:22 ; elapsed = 00:02:18 . Memory (MB): peak = 691.238 ; gain = 449.355
Finished Rebuilding User Hierarchy : Time (s): cpu = 00:01:22 ; elapsed = 00:02:19 . Memory (MB): peak = 691.238 ; gain = 449.355
Finished Renaming Generated Ports : Time (s): cpu = 00:01:22 ; elapsed = 00:02:19 . Memory (MB): peak = 691.238 ; gain = 449.355
Finished Handling Custom Attributes : Time (s): cpu = 00:01:22 ; elapsed = 00:02:19 . Memory (MB): peak = 691.238 ; gain = 449.355
Finished Renaming Generated Nets : Time (s): cpu = 00:01:22 ; elapsed = 00:02:19 . Memory (MB): peak = 691.238 ; gain = 449.355

Report Cell Usage: 
+------+--------+------+
|      |Cell    |Count |
+------+--------+------+
|1     |LUT1    |     1|
|2     |LUT2    |    24|
|3     |LUT3    |    54|
|4     |LUT4    |    50|
|5     |LUT5    |    30|
|6     |LUT6    |   117|
|7     |MUXCY_L |     3|
|8     |MUXF7   |     1|
|9     |SRL16E  |    12|
|10    |XORCY   |     4|
|11    |FDR     |     1|
|12    |FDRE    |   237|
+------+--------+------+
Finished Writing Synthesis Report : Time (s): cpu = 00:01:22 ; elapsed = 00:02:19 . Memory (MB): peak = 691.238 ; gain = 449.355
synth_design: Time (s): cpu = 00:01:24 ; elapsed = 00:02:26 . Memory (MB): peak = 691.238 ; gain = 450.980
