
*** Running vivado
    with args -log Memory_nb_mem_0.vds -m64 -product Vivado -mode batch -messageDb vivado.pb -notrace -source Memory_nb_mem_0.tcl


****** Vivado v2017.2 (64-bit)
  **** SW Build 1909853 on Thu Jun 15 18:39:09 MDT 2017
  **** IP Build 1909766 on Thu Jun 15 19:58:00 MDT 2017
    ** Copyright 1986-2017 Xilinx, Inc. All Rights Reserved.

source Memory_nb_mem_0.tcl -notrace
Starting RTL Elaboration : Time (s): cpu = 00:00:13 ; elapsed = 00:00:15 . Memory (MB): peak = 324.141 ; gain = 83.648
INFO: [Synth 8-638] synthesizing module 'Memory_nb_mem_0' [d:/TabledAsymetricNumeralSystems/KompresjaDanych/KompresjaDanych/KompresjaDanych.srcs/sources_1/bd/Memory/ip/Memory_nb_mem_0/synth/Memory_nb_mem_0.vhd:78]
INFO: [Synth 8-256] done synthesizing module 'Memory_nb_mem_0' (9#1) [d:/TabledAsymetricNumeralSystems/KompresjaDanych/KompresjaDanych/KompresjaDanych.srcs/sources_1/bd/Memory/ip/Memory_nb_mem_0/synth/Memory_nb_mem_0.vhd:78]
Finished RTL Elaboration : Time (s): cpu = 00:01:50 ; elapsed = 00:02:17 . Memory (MB): peak = 531.145 ; gain = 290.652
Finished RTL Optimization Phase 1 : Time (s): cpu = 00:01:50 ; elapsed = 00:02:18 . Memory (MB): peak = 531.145 ; gain = 290.652
INFO: [Device 21-403] Loading part xc7z010clg400-1
Constraint Validation Runtime : Time (s): cpu = 00:00:00 ; elapsed = 00:00:00.066 . Memory (MB): peak = 598.355 ; gain = 0.000
Finished Constraint Validation : Time (s): cpu = 00:02:14 ; elapsed = 00:02:57 . Memory (MB): peak = 598.355 ; gain = 357.863
Finished Loading Part and Timing Information : Time (s): cpu = 00:02:14 ; elapsed = 00:02:57 . Memory (MB): peak = 598.355 ; gain = 357.863
Finished applying 'set_property' XDC Constraints : Time (s): cpu = 00:02:14 ; elapsed = 00:02:57 . Memory (MB): peak = 598.355 ; gain = 357.863
Finished RTL Optimization Phase 2 : Time (s): cpu = 00:02:14 ; elapsed = 00:02:58 . Memory (MB): peak = 598.355 ; gain = 357.863
Finished Cross Boundary and Area Optimization : Time (s): cpu = 00:02:15 ; elapsed = 00:03:00 . Memory (MB): peak = 598.355 ; gain = 357.863
Finished Applying XDC Timing Constraints : Time (s): cpu = 00:02:41 ; elapsed = 00:03:29 . Memory (MB): peak = 623.098 ; gain = 382.605
Finished Timing Optimization : Time (s): cpu = 00:02:41 ; elapsed = 00:03:29 . Memory (MB): peak = 624.098 ; gain = 383.605
Finished Technology Mapping : Time (s): cpu = 00:02:41 ; elapsed = 00:03:29 . Memory (MB): peak = 634.242 ; gain = 393.750
Finished IO Insertion : Time (s): cpu = 00:02:43 ; elapsed = 00:03:30 . Memory (MB): peak = 634.242 ; gain = 393.750
Finished Renaming Generated Instances : Time (s): cpu = 00:02:43 ; elapsed = 00:03:30 . Memory (MB): peak = 634.242 ; gain = 393.750
Finished Rebuilding User Hierarchy : Time (s): cpu = 00:02:43 ; elapsed = 00:03:31 . Memory (MB): peak = 634.242 ; gain = 393.750
Finished Renaming Generated Ports : Time (s): cpu = 00:02:43 ; elapsed = 00:03:31 . Memory (MB): peak = 634.242 ; gain = 393.750
Finished Handling Custom Attributes : Time (s): cpu = 00:02:43 ; elapsed = 00:03:31 . Memory (MB): peak = 634.242 ; gain = 393.750
Finished Renaming Generated Nets : Time (s): cpu = 00:02:43 ; elapsed = 00:03:31 . Memory (MB): peak = 634.242 ; gain = 393.750

Report Cell Usage: 
+------+---------+------+
|      |Cell     |Count |
+------+---------+------+
|1     |RAMB36E1 |     2|
+------+---------+------+
Finished Writing Synthesis Report : Time (s): cpu = 00:02:43 ; elapsed = 00:03:31 . Memory (MB): peak = 634.242 ; gain = 393.750
synth_design: Time (s): cpu = 00:02:45 ; elapsed = 00:03:35 . Memory (MB): peak = 644.762 ; gain = 404.895

*** Running vivado
    with args -log Memory_nb_mem_0.vds -m64 -product Vivado -mode batch -messageDb vivado.pb -notrace -source Memory_nb_mem_0.tcl


****** Vivado v2017.2 (64-bit)
  **** SW Build 1909853 on Thu Jun 15 18:39:09 MDT 2017
  **** IP Build 1909766 on Thu Jun 15 19:58:00 MDT 2017
    ** Copyright 1986-2017 Xilinx, Inc. All Rights Reserved.

source Memory_nb_mem_0.tcl -notrace
INFO: [IP_Flow 19-4838] Using cached IP synthesis design for IP Memory_nb_mem_0, cache-ID = 9d02c0627434f4de.
